[2024-10-08 23:44:25.473] [file_logger] [info] Logger initialized and ready to log.
[2024-10-08 23:44:25.473] [file_logger] [info] Initializing Setup...
[2024-10-08 23:44:25.473] [file_logger] [info] Setup complete.
[2024-10-08 23:44:25.473] [file_logger] [info] Obstacle added with top-left: (200, 100), bottom-right: (400, 200)
[2024-10-08 23:44:25.473] [file_logger] [info] Obstacle added with top-left: (200, 300), bottom-right: (400, 400)
[2024-10-08 23:44:25.473] [file_logger] [info] Obstacle added with top-left: (200, 500), bottom-right: (400, 600)
[2024-10-08 23:44:25.473] [file_logger] [info] Obstacle added with top-left: (200, 700), bottom-right: (400, 800)
[2024-10-08 23:44:25.473] [file_logger] [info] Obstacle added with top-left: (600, 100), bottom-right: (800, 200)
[2024-10-08 23:44:25.473] [file_logger] [info] Obstacle added with top-left: (600, 300), bottom-right: (800, 400)
[2024-10-08 23:44:25.473] [file_logger] [info] Obstacle added with top-left: (600, 500), bottom-right: (800, 600)
[2024-10-08 23:44:25.474] [file_logger] [info] Obstacle added with top-left: (600, 700), bottom-right: (800, 800)
[2024-10-08 23:44:25.474] [file_logger] [warning] Path blocked at: (203.47058823529414, 115.47058823529412)
[2024-10-08 23:44:25.474] [file_logger] [info] Thread 0: Added point 1 at (59, 15)
[2024-10-08 23:44:25.474] [file_logger] [warning] Path blocked at: (231.63793103448276, 101.8103448275862)
[2024-10-08 23:44:25.474] [file_logger] [warning] Path blocked at: (357.7758620689655, 102.12068965517241)
[2024-10-08 23:44:25.474] [file_logger] [warning] Path blocked at: (220.8269230769231, 306.92307692307696)
[2024-10-08 23:44:25.474] [file_logger] [info] Thread 0: Added point 2 at (56, 64)
[2024-10-08 23:44:25.474] [file_logger] [warning] Path blocked at: (203.48387096774192, 398.45161290322585)
[2024-10-08 23:44:25.474] [file_logger] [warning] Path blocked at: (234.5, 100)
[2024-10-08 23:44:25.474] [file_logger] [warning] Path blocked at: (203.08695652173913, 376.65217391304344)
[2024-10-08 23:44:25.474] [file_logger] [warning] Path blocked at: (201.23076923076923, 353.2307692307692)
[2024-10-08 23:44:25.474] [file_logger] [warning] Path blocked at: (201.6, 566.9818181818182)
[2024-10-08 23:44:25.474] [file_logger] [warning] Path blocked at: (780.8, 100)
[2024-10-08 23:44:25.474] [file_logger] [warning] Path blocked at: (234.4819277108434, 100)
[2024-10-08 23:44:25.474] [file_logger] [warning] Path blocked at: (208.91803278688525, 114.88524590163934)
[2024-10-08 23:44:25.474] [file_logger] [warning] Path blocked at: (204.8421052631579, 200)
[2024-10-08 23:44:25.474] [file_logger] [warning] Path blocked at: (241.1923076923077, 301.4038461538462)
[2024-10-08 23:44:25.474] [file_logger] [warning] Path blocked at: (238.47058823529412, 503.0352941176471)
[2024-10-08 23:44:25.474] [file_logger] [warning] Path blocked at: (202.07692307692307, 105.53846153846155)
[2024-10-08 23:44:25.474] [file_logger] [warning] Path blocked at: (201.51136363636365, 700.7045454545454)
[2024-10-08 23:44:25.474] [file_logger] [warning] Path blocked at: (604.7058823529412, 106.05882352941177)
[2024-10-08 23:44:25.474] [file_logger] [warning] Path blocked at: (208.77922077922076, 141.4935064935065)
[2024-10-08 23:44:25.474] [file_logger] [warning] Path blocked at: (201.33333333333334, 203.55555555555554)
[2024-10-08 23:44:25.474] [file_logger] [warning] Path blocked at: (203.48979591836735, 169.6122448979592)
[2024-10-08 23:44:25.474] [file_logger] [warning] Path blocked at: (201.45454545454547, 131.39393939393938)
[2024-10-08 23:44:25.474] [file_logger] [warning] Path blocked at: (207.01666666666665, 144.18333333333334)
[2024-10-08 23:44:25.474] [file_logger] [warning] Path blocked at: (208.1326530612245, 143.27551020408163)
[2024-10-08 23:44:25.474] [file_logger] [warning] Path blocked at: (256.2083333333333, 301.4083333333333)
[2024-10-08 23:44:25.474] [file_logger] [warning] Path blocked at: (202.40816326530611, 151.42857142857144)
[2024-10-08 23:44:25.474] [file_logger] [warning] Path blocked at: (206.22448979591837, 147.09183673469386)
[2024-10-08 23:44:25.474] [file_logger] [warning] Path blocked at: (202.89655172413794, 199.86206896551724)
[2024-10-08 23:44:25.474] [file_logger] [info] Thread 0: Added point 3 at (105, 72)
[2024-10-08 23:44:25.474] [file_logger] [info] Thread 0: Added point 4 at (100, 121)
[2024-10-08 23:44:25.474] [file_logger] [warning] Path blocked at: (222.75, 304.25)
[2024-10-08 23:44:25.474] [file_logger] [warning] Path blocked at: (202.60344827586206, 163.10344827586206)
[2024-10-08 23:44:25.474] [file_logger] [warning] Path blocked at: (607.2471910112359, 110.20224719101122)
[2024-10-08 23:44:25.474] [file_logger] [info] Thread 0: Added point 5 at (84, 168)
[2024-10-08 23:44:25.474] [file_logger] [warning] Path blocked at: (206.4945054945055, 149.28571428571428)
[2024-10-08 23:44:25.474] [file_logger] [info] Thread 0: Added point 6 at (154, 71)
[2024-10-08 23:44:25.474] [file_logger] [warning] Path blocked at: (284.51612903225805, 304.258064516129)
[2024-10-08 23:44:25.474] [file_logger] [info] Thread 0: Added point 7 at (203, 66)
[2024-10-08 23:44:25.474] [file_logger] [warning] Path blocked at: (297.2857142857143, 102.07142857142857)
[2024-10-08 23:44:25.474] [file_logger] [warning] Path blocked at: (233.97457627118644, 105.32203389830508)
[2024-10-08 23:44:25.474] [file_logger] [info] Thread 0: Added point 8 at (252, 59)
[2024-10-08 23:44:25.474] [file_logger] [warning] Path blocked at: (289.1578947368421, 107.42105263157895)
[2024-10-08 23:44:25.474] [file_logger] [warning] Path blocked at: (276.125, 103.25)
[2024-10-08 23:44:25.474] [file_logger] [info] Thread 0: Added point 9 at (86, 217)
[2024-10-08 23:44:25.474] [file_logger] [warning] Path blocked at: (609.6, 113.72)
[2024-10-08 23:44:25.474] [file_logger] [info] Thread 0: Added point 10 at (88, 266)
[2024-10-08 23:44:25.474] [file_logger] [warning] Path blocked at: (620.986301369863, 100.56164383561644)
[2024-10-08 23:44:25.474] [file_logger] [warning] Path blocked at: (255.1527777777778, 505.25)
[2024-10-08 23:44:25.474] [file_logger] [warning] Path blocked at: (202.13333333333333, 349.2)
[2024-10-08 23:44:25.474] [file_logger] [warning] Path blocked at: (346.7826086956522, 100.30434782608695)
[2024-10-08 23:44:25.474] [file_logger] [info] Thread 0: Added point 11 at (301, 61)
[2024-10-08 23:44:25.474] [file_logger] [warning] Path blocked at: (201.07936507936506, 775.2698412698413)
[2024-10-08 23:44:25.474] [file_logger] [warning] Path blocked at: (259.05797101449275, 502.6231884057971)
[2024-10-08 23:44:25.474] [file_logger] [info] Thread 0: Added point 12 at (350, 54)
[2024-10-08 23:44:25.474] [file_logger] [warning] Path blocked at: (290.3333333333333, 104.33333333333334)
[2024-10-08 23:44:25.474] [file_logger] [warning] Path blocked at: (386.83720930232556, 102.97674418604652)
[2024-10-08 23:44:25.474] [file_logger] [warning] Path blocked at: (395.6842105263158, 107.6421052631579)
[2024-10-08 23:44:25.474] [file_logger] [info] Thread 0: Added point 13 at (93, 315)
[2024-10-08 23:44:25.474] [file_logger] [warning] Path blocked at: (380.1111111111111, 106.11111111111111)
[2024-10-08 23:44:25.474] [file_logger] [info] Thread 0: Added point 14 at (135, 251)
[2024-10-08 23:44:25.474] [file_logger] [info] Thread 0: Added point 15 at (117, 358)
[2024-10-08 23:44:25.474] [file_logger] [info] Thread 0: Added point 16 at (106, 406)
[2024-10-08 23:44:25.474] [file_logger] [warning] Path blocked at: (338.46753246753246, 502.42857142857144)
[2024-10-08 23:44:25.474] [file_logger] [info] Thread 0: Added point 17 at (103, 455)
[2024-10-08 23:44:25.474] [file_logger] [warning] Path blocked at: (200.88235294117646, 527.7058823529412)
[2024-10-08 23:44:25.474] [file_logger] [warning] Path blocked at: (208.28571428571428, 364.10714285714283)
[2024-10-08 23:44:25.474] [file_logger] [warning] Path blocked at: (202.859375, 502.953125)
[2024-10-08 23:44:25.474] [file_logger] [warning] Path blocked at: (200.2, 707.2571428571429)
[2024-10-08 23:44:25.474] [file_logger] [warning] Path blocked at: (389.42857142857144, 101.42857142857143)
[2024-10-08 23:44:25.474] [file_logger] [warning] Path blocked at: (203.94936708860757, 501.6455696202532)
[2024-10-08 23:44:25.474] [file_logger] [warning] Path blocked at: (298.4545454545455, 500.45454545454544)
[2024-10-08 23:44:25.474] [file_logger] [info] Thread 0: Added point 18 at (399, 56)
[2024-10-08 23:44:25.474] [file_logger] [warning] Path blocked at: (207.4, 709.4)
[2024-10-08 23:44:25.474] [file_logger] [info] Thread 0: Added point 19 at (448, 54)
[2024-10-08 23:44:25.474] [file_logger] [warning] Path blocked at: (203.97560975609755, 524.6585365853658)
[2024-10-08 23:44:25.474] [file_logger] [info] Thread 0: Added point 20 at (57, 476)
[2024-10-08 23:44:25.474] [file_logger] [warning] Path blocked at: (675.6530612244898, 101.40816326530611)
[2024-10-08 23:44:25.474] [file_logger] [warning] Path blocked at: (205.74576271186442, 553.2372881355932)
[2024-10-08 23:44:25.474] [file_logger] [info] Thread 0: Added point 21 at (112, 191)
[2024-10-08 23:44:25.474] [file_logger] [info] Thread 0: Added point 22 at (60, 137)
[2024-10-08 23:44:25.474] [file_logger] [warning] Path blocked at: (615.1428571428571, 306.3809523809524)
[2024-10-08 23:44:25.474] [file_logger] [warning] Path blocked at: (204.8181818181818, 581.5454545454545)
[2024-10-08 23:44:25.474] [file_logger] [warning] Path blocked at: (206.77777777777777, 549)
[2024-10-08 23:44:25.474] [file_logger] [warning] Path blocked at: (200.5, 573.75)
[2024-10-08 23:44:25.474] [file_logger] [warning] Path blocked at: (205.5, 525.5)
[2024-10-08 23:44:25.474] [file_logger] [info] Thread 0: Added point 23 at (497, 47)
[2024-10-08 23:44:25.474] [file_logger] [warning] Path blocked at: (200.33749999999998, 542.9125)
[2024-10-08 23:44:25.474] [file_logger] [info] Thread 0: Added point 24 at (167, 119)
[2024-10-08 23:44:25.474] [file_logger] [warning] Path blocked at: (201.66666666666666, 808.6666666666666)
[2024-10-08 23:44:25.474] [file_logger] [warning] Path blocked at: (677, 100.1)
[2024-10-08 23:44:25.474] [file_logger] [info] Thread 0: Added point 25 at (64, 525)
[2024-10-08 23:44:25.474] [file_logger] [warning] Path blocked at: (607.1639344262295, 152)
[2024-10-08 23:44:25.474] [file_logger] [warning] Path blocked at: (201.75510204081633, 735.7142857142858)
[2024-10-08 23:44:25.474] [file_logger] [warning] Path blocked at: (256.4545454545455, 501.9090909090909)
[2024-10-08 23:44:25.474] [file_logger] [warning] Path blocked at: (604.4489795918367, 122.61224489795919)
[2024-10-08 23:44:25.474] [file_logger] [info] Thread 0: Added point 26 at (545, 59)
[2024-10-08 23:44:25.474] [file_logger] [info] Thread 0: Added point 27 at (145, 379)
[2024-10-08 23:44:25.474] [file_logger] [warning] Path blocked at: (268, 501)
[2024-10-08 23:44:25.474] [file_logger] [warning] Path blocked at: (765, 100.36)
[2024-10-08 23:44:25.474] [file_logger] [warning] Path blocked at: (200, 550)
[2024-10-08 23:44:25.474] [file_logger] [info] Thread 0: Added point 28 at (134, 335)
[2024-10-08 23:44:25.474] [file_logger] [warning] Path blocked at: (376.1111111111111, 500.33333333333337)
[2024-10-08 23:44:25.474] [file_logger] [warning] Path blocked at: (203.41666666666666, 318.6666666666667)
[2024-10-08 23:44:25.474] [file_logger] [info] Thread 0: Added point 29 at (45, 171)
[2024-10-08 23:44:25.474] [file_logger] [info] Thread 0: Added point 30 at (539, 108)
[2024-10-08 23:44:25.474] [file_logger] [info] Thread 0: Added point 31 at (126, 498)
[2024-10-08 23:44:25.474] [file_logger] [info] Thread 0: Added point 32 at (312, 12)
[2024-10-08 23:44:25.474] [file_logger] [warning] Path blocked at: (203, 577.3913043478261)
[2024-10-08 23:44:25.474] [file_logger] [info] Thread 0: Added point 33 at (83, 570)
[2024-10-08 23:44:25.474] [file_logger] [warning] Path blocked at: (653.6034482758621, 307.86206896551727)
[2024-10-08 23:44:25.474] [file_logger] [info] Thread 0: Added point 34 at (417, 102)
[2024-10-08 23:44:25.474] [file_logger] [info] Thread 0: Added point 35 at (87, 619)
[2024-10-08 23:44:25.474] [file_logger] [warning] Path blocked at: (205.70588235294116, 365.2352941176471)
[2024-10-08 23:44:25.474] [file_logger] [warning] Path blocked at: (602.939393939394, 186.4848484848485)
[2024-10-08 23:44:25.474] [file_logger] [warning] Path blocked at: (283.59574468085106, 703.8936170212766)
[2024-10-08 23:44:25.474] [file_logger] [warning] Path blocked at: (601.6666666666666, 198.66666666666666)
[2024-10-08 23:44:25.474] [file_logger] [warning] Path blocked at: (605.8620689655172, 130.44827586206895)
[2024-10-08 23:44:25.474] [file_logger] [warning] Path blocked at: (602.0169491525423, 198.4237288135593)
[2024-10-08 23:44:25.474] [file_logger] [warning] Path blocked at: (207.77777777777777, 513.5555555555555)
[2024-10-08 23:44:25.474] [file_logger] [warning] Path blocked at: (629.7358490566038, 301.35849056603774)
[2024-10-08 23:44:25.474] [file_logger] [info] Thread 0: Added point 36 at (169, 521)
[2024-10-08 23:44:25.474] [file_logger] [warning] Path blocked at: (205, 743)
[2024-10-08 23:44:25.474] [file_logger] [warning] Path blocked at: (604.1388888888889, 137.75)
[2024-10-08 23:44:25.474] [file_logger] [info] Thread 0: Added point 37 at (95, 668)
[2024-10-08 23:44:25.474] [file_logger] [warning] Path blocked at: (209, 522.7333333333333)
[2024-10-08 23:44:25.474] [file_logger] [warning] Path blocked at: (602.2727272727273, 186)
[2024-10-08 23:44:25.474] [file_logger] [info] Thread 0: Added point 38 at (124, 708)
[2024-10-08 23:44:25.474] [file_logger] [info] Thread 0: Added point 39 at (54, 608)
[2024-10-08 23:44:25.474] [file_logger] [info] Thread 0: Added point 40 at (531, 157)
[2024-10-08 23:44:25.474] [file_logger] [warning] Path blocked at: (200.9620253164557, 729.873417721519)
[2024-10-08 23:44:25.474] [file_logger] [info] Thread 0: Added point 41 at (540, 206)
[2024-10-08 23:44:25.474] [file_logger] [warning] Path blocked at: (202.25, 725.25)
[2024-10-08 23:44:25.474] [file_logger] [warning] Path blocked at: (206.33333333333334, 535.7450980392157)
[2024-10-08 23:44:25.474] [file_logger] [info] Thread 0: Added point 42 at (510, 241)
[2024-10-08 23:44:25.475] [file_logger] [warning] Path blocked at: (602, 529)
[2024-10-08 23:44:25.475] [file_logger] [info] Thread 0: Added point 43 at (104, 754)
[2024-10-08 23:44:25.475] [file_logger] [warning] Path blocked at: (202.1851851851852, 543.5185185185185)
[2024-10-08 23:44:25.475] [file_logger] [info] Thread 0: Added point 44 at (141, 787)
[2024-10-08 23:44:25.475] [file_logger] [info] Thread 0: Added point 45 at (416, 26)
[2024-10-08 23:44:25.475] [file_logger] [warning] Path blocked at: (600, 530.7142857142858)
[2024-10-08 23:44:25.475] [file_logger] [warning] Path blocked at: (616, 502)
[2024-10-08 23:44:25.475] [file_logger] [warning] Path blocked at: (602.360655737705, 397.6885245901639)
[2024-10-08 23:44:25.475] [file_logger] [info] Thread 0: Added point 46 at (479, 280)
[2024-10-08 23:44:25.475] [file_logger] [warning] Path blocked at: (206.71428571428572, 390.57142857142856)
[2024-10-08 23:44:25.475] [file_logger] [warning] Path blocked at: (645.6666666666666, 302.33333333333337)
[2024-10-08 23:44:25.475] [file_logger] [warning] Path blocked at: (210.04347826086956, 518.5652173913044)
[2024-10-08 23:44:25.475] [file_logger] [warning] Path blocked at: (603.2765957446809, 593.1489361702128)
[2024-10-08 23:44:25.475] [file_logger] [warning] Path blocked at: (805.3, 300.5)
[2024-10-08 23:44:25.475] [file_logger] [warning] Path blocked at: (768, 302.9230769230769)
[2024-10-08 23:44:25.475] [file_logger] [warning] Path blocked at: (603.5, 589.75)
[2024-10-08 23:44:25.475] [file_logger] [info] Thread 0: Added point 47 at (588, 218)
[2024-10-08 23:44:25.475] [file_logger] [info] Thread 0: Added point 48 at (183, 812)
[2024-10-08 23:44:25.475] [file_logger] [warning] Path blocked at: (201.83333333333334, 801.8333333333334)
[2024-10-08 23:44:25.475] [file_logger] [warning] Path blocked at: (606.7272727272727, 207.8181818181818)
[2024-10-08 23:44:25.475] [file_logger] [info] Thread 0: Added point 49 at (232, 816)
[2024-10-08 23:44:25.475] [file_logger] [info] Thread 0: Added point 50 at (520, 307)
[2024-10-08 23:44:25.475] [file_logger] [info] Thread 0: Added point 51 at (502, 353)
[2024-10-08 23:44:25.475] [file_logger] [warning] Path blocked at: (615, 506.5)
[2024-10-08 23:44:25.475] [file_logger] [info] Thread 0: Added point 52 at (281, 821)
[2024-10-08 23:44:25.475] [file_logger] [warning] Path blocked at: (319.75, 807.375)
[2024-10-08 23:44:25.475] [file_logger] [info] Thread 0: Added point 53 at (225, 865)
[2024-10-08 23:44:25.475] [file_logger] [info] Thread 0: Added point 54 at (525, 253)
[2024-10-08 23:44:25.475] [file_logger] [warning] Path blocked at: (735.15625, 303.53125)
[2024-10-08 23:44:25.475] [file_logger] [info] Thread 0: Added point 55 at (105, 822)
[2024-10-08 23:44:25.475] [file_logger] [info] Thread 0: Added point 56 at (154, 310)
[2024-10-08 23:44:25.475] [file_logger] [warning] Path blocked at: (667.5882352941177, 300.1764705882353)
[2024-10-08 23:44:25.475] [file_logger] [info] Thread 0: Added point 57 at (202, 909)
[2024-10-08 23:44:25.475] [file_logger] [warning] Path blocked at: (649, 506.7358490566038)
[2024-10-08 23:44:25.475] [file_logger] [info] Thread 0: Added point 58 at (60, 844)
[2024-10-08 23:44:25.475] [file_logger] [warning] Path blocked at: (618.375, 504.2083333333333)
[2024-10-08 23:44:25.475] [file_logger] [info] Thread 0: Added point 59 at (472, 393)
[2024-10-08 23:44:25.475] [file_logger] [warning] Path blocked at: (773.9090909090909, 303)
[2024-10-08 23:44:25.475] [file_logger] [warning] Path blocked at: (605.0645161290322, 605.9032258064516)
[2024-10-08 23:44:25.475] [file_logger] [info] Thread 0: Added point 60 at (634, 236)
[2024-10-08 23:44:25.475] [file_logger] [warning] Path blocked at: (677.4090909090909, 208.95454545454544)
[2024-10-08 23:44:25.475] [file_logger] [info] Thread 0: Added point 61 at (115, 640)
[2024-10-08 23:44:25.475] [file_logger] [warning] Path blocked at: (681.4, 500.20000000000005)
[2024-10-08 23:44:25.475] [file_logger] [info] Thread 0: Added point 62 at (212, 957)
[2024-10-08 23:44:25.475] [file_logger] [warning] Path blocked at: (408.57142857142856, 403.2857142857143)
[2024-10-08 23:44:25.475] [file_logger] [warning] Path blocked at: (676.375, 209.375)
[2024-10-08 23:44:25.475] [file_logger] [info] Thread 0: Added point 63 at (329, 832)
[2024-10-08 23:44:25.475] [file_logger] [info] Thread 0: Added point 64 at (378, 841)
[2024-10-08 23:44:25.475] [file_logger] [warning] Path blocked at: (676.3529411764706, 304.94117647058823)
[2024-10-08 23:44:25.475] [file_logger] [info] Thread 0: Added point 65 at (682, 246)
[2024-10-08 23:44:25.475] [file_logger] [warning] Path blocked at: (676.24, 500.84000000000003)
[2024-10-08 23:44:25.475] [file_logger] [warning] Path blocked at: (606, 339)
[2024-10-08 23:44:25.475] [file_logger] [info] Thread 0: Added point 66 at (260, 968)
[2024-10-08 23:44:25.475] [file_logger] [info] Thread 0: Added point 67 at (422, 863)
[2024-10-08 23:44:25.475] [file_logger] [warning] Path blocked at: (754.2432432432432, 301.94594594594594)
[2024-10-08 23:44:25.475] [file_logger] [info] Thread 0: Added point 68 at (467, 884)
[2024-10-08 23:44:25.475] [file_logger] [warning] Path blocked at: (201.75, 784.25)
[2024-10-08 23:44:25.475] [file_logger] [warning] Path blocked at: (728.1176470588235, 300.7647058823529)
[2024-10-08 23:44:25.476] [file_logger] [warning] Path blocked at: (755.0666666666666, 209.73333333333335)
[2024-10-08 23:44:25.476] [file_logger] [warning] Path blocked at: (645.1, 207.8)
[2024-10-08 23:44:25.476] [file_logger] [warning] Path blocked at: (335, 110)
[2024-10-08 23:44:25.476] [file_logger] [info] Thread 0: Added point 69 at (433, 885)
[2024-10-08 23:44:25.476] [file_logger] [info] Thread 0: Added point 70 at (728, 265)
[2024-10-08 23:44:25.476] [file_logger] [info] Thread 0: Added point 71 at (515, 894)
[2024-10-08 23:44:25.476] [file_logger] [info] Thread 0: Added point 72 at (491, 438)
[2024-10-08 23:44:25.476] [file_logger] [info] Thread 0: Added point 73 at (431, 265)
[2024-10-08 23:44:25.476] [file_logger] [info] Thread 0: Added point 74 at (205, 486)
[2024-10-08 23:44:25.476] [file_logger] [info] Thread 0: Added point 75 at (113, 608)
[2024-10-08 23:44:25.476] [file_logger] [info] Thread 0: Added point 76 at (252, 469)
[2024-10-08 23:44:25.476] [file_logger] [info] Thread 0: Added point 77 at (160, 402)
[2024-10-08 23:44:25.476] [file_logger] [warning] Path blocked at: (802.16, 208.48)
[2024-10-08 23:44:25.476] [file_logger] [info] Thread 0: Added point 78 at (127, 654)
[2024-10-08 23:44:25.476] [file_logger] [info] Thread 0: Added point 79 at (397, 914)
[2024-10-08 23:44:25.476] [file_logger] [info] Thread 0: Added point 80 at (135, 42)
[2024-10-08 23:44:25.476] [file_logger] [info] Thread 0: Added point 81 at (564, 897)
[2024-10-08 23:44:25.476] [file_logger] [warning] Path blocked at: (394.3333333333333, 804)
[2024-10-08 23:44:25.476] [file_logger] [warning] Path blocked at: (787.5555555555555, 209.88888888888889)
[2024-10-08 23:44:25.476] [file_logger] [warning] Path blocked at: (684.7894736842105, 804.6315789473684)
[2024-10-08 23:44:25.476] [file_logger] [warning] Path blocked at: (721.8, 807.6)
[2024-10-08 23:44:25.476] [file_logger] [warning] Path blocked at: (758.9722222222222, 304.30555555555554)
[2024-10-08 23:44:25.476] [file_logger] [warning] Path blocked at: (402, 372.7)
[2024-10-08 23:44:25.476] [file_logger] [info] Thread 0: Added point 82 at (27, 202)
[2024-10-08 23:44:25.476] [file_logger] [warning] Path blocked at: (759.0714285714286, 305.4761904761905)
[2024-10-08 23:44:25.476] [file_logger] [info] Thread 0: Added point 83 at (89, 514)
[2024-10-08 23:44:25.476] [file_logger] [info] Thread 0: Added point 84 at (260, 843)
[2024-10-08 23:44:25.476] [file_logger] [warning] Path blocked at: (772.88, 305.08)
[2024-10-08 23:44:25.476] [file_logger] [warning] Path blocked at: (664, 309)
[2024-10-08 23:44:25.476] [file_logger] [warning] Path blocked at: (372.45454545454544, 305.0909090909091)
[2024-10-08 23:44:25.476] [file_logger] [warning] Path blocked at: (645.6666666666666, 806.6666666666666)
[2024-10-08 23:44:25.476] [file_logger] [warning] Path blocked at: (788.1034482758621, 304.82758620689657)
[2024-10-08 23:44:25.476] [file_logger] [info] Thread 0: Added point 85 at (613, 892)
[2024-10-08 23:44:25.476] [file_logger] [info] Thread 0: Added point 86 at (66, 893)
[2024-10-08 23:44:25.476] [file_logger] [info] Thread 0: Added point 87 at (89, 931)
[2024-10-08 23:44:25.476] [file_logger] [warning] Path blocked at: (795.9268292682927, 809.0731707317073)
[2024-10-08 23:44:25.476] [file_logger] [info] Thread 0: Added point 88 at (662, 898)
[2024-10-08 23:44:25.477] [file_logger] [info] Thread 0: Added point 89 at (710, 911)
[2024-10-08 23:44:25.477] [file_logger] [info] Thread 0: Added point 90 at (458, 476)
[2024-10-08 23:44:25.477] [file_logger] [info] Thread 0: Added point 91 at (25, 579)
[2024-10-08 23:44:25.477] [file_logger] [info] Thread 0: Added point 92 at (585, 125)
[2024-10-08 23:44:25.477] [file_logger] [info] Thread 0: Added point 93 at (381, 274)
[2024-10-08 23:44:25.477] [file_logger] [info] Thread 0: Added point 94 at (496, 191)
[2024-10-08 23:44:25.477] [file_logger] [warning] Path blocked at: (748.8421052631579, 208.4736842105263)
[2024-10-08 23:44:25.477] [file_logger] [warning] Path blocked at: (788.5, 807)
[2024-10-08 23:44:25.477] [file_logger] [info] Thread 0: Added point 95 at (528, 907)
[2024-10-08 23:44:25.477] [file_logger] [info] Thread 0: Added point 96 at (297, 23)
[2024-10-08 23:44:25.477] [file_logger] [info] Thread 0: Added point 97 at (443, 518)
[2024-10-08 23:44:25.477] [file_logger] [warning] Path blocked at: (276, 409.54545454545456)
[2024-10-08 23:44:25.477] [file_logger] [warning] Path blocked at: (745.8, 301.4)
[2024-10-08 23:44:25.477] [file_logger] [info] Thread 0: Added point 98 at (769, 246)
[2024-10-08 23:44:25.477] [file_logger] [warning] Path blocked at: (740.8, 304.2)
[2024-10-08 23:44:25.477] [file_logger] [warning] Path blocked at: (204, 352)
[2024-10-08 23:44:25.477] [file_logger] [info] Thread 0: Added point 99 at (750, 882)
[2024-10-08 23:44:25.477] [file_logger] [info] Thread 0: Added point 100 at (175, 12)
[2024-10-08 23:44:25.477] [file_logger] [warning] Path blocked at: (404.5, 578.8125)
[2024-10-08 23:44:25.477] [file_logger] [info] Thread 0: Added point 101 at (784, 845)
[2024-10-08 23:44:25.477] [file_logger] [info] Thread 0: Added point 102 at (818, 808)
[2024-10-08 23:44:25.477] [file_logger] [info] Thread 0: Added point 103 at (70, 592)
[2024-10-08 23:44:25.477] [file_logger] [warning] Path blocked at: (796.9130434782609, 300)
[2024-10-08 23:44:25.477] [file_logger] [info] Thread 0: Added point 104 at (293, 497)
[2024-10-08 23:44:25.477] [file_logger] [warning] Path blocked at: (373.6666666666667, 305.6666666666667)
[2024-10-08 23:44:25.478] [file_logger] [warning] Path blocked at: (260.3333333333333, 109.55555555555556)
[2024-10-08 23:44:25.478] [file_logger] [info] Thread 0: Added point 105 at (448, 567)
[2024-10-08 23:44:25.478] [file_logger] [info] Thread 0: Added point 106 at (832, 760)
[2024-10-08 23:44:25.478] [file_logger] [info] Thread 0: Added point 107 at (818, 239)
[2024-10-08 23:44:25.478] [file_logger] [info] Thread 0: Added point 108 at (862, 831)
[2024-10-08 23:44:25.478] [file_logger] [warning] Path blocked at: (626.5, 800.5)
[2024-10-08 23:44:25.478] [file_logger] [info] Thread 0: Added point 109 at (566, 325)
[2024-10-08 23:44:25.478] [file_logger] [info] Thread 0: Added point 110 at (878, 741)
[2024-10-08 23:44:25.478] [file_logger] [info] Thread 0: Added point 111 at (515, 937)
[2024-10-08 23:44:25.478] [file_logger] [info] Thread 0: Added point 112 at (847, 279)
[2024-10-08 23:44:25.478] [file_logger] [info] Thread 0: Added point 113 at (543, 978)
[2024-10-08 23:44:25.478] [file_logger] [info] Thread 0: Added point 114 at (450, 122)
[2024-10-08 23:44:25.478] [file_logger] [info] Thread 0: Added point 115 at (74, 93)
[2024-10-08 23:44:25.478] [file_logger] [info] Thread 0: Added point 116 at (485, 599)
[2024-10-08 23:44:25.478] [file_logger] [info] Thread 0: Added point 117 at (599, 169)
[2024-10-08 23:44:25.478] [file_logger] [info] Thread 0: Added point 118 at (446, 317)
[2024-10-08 23:44:25.478] [file_logger] [info] Thread 0: Added point 119 at (673, 925)
[2024-10-08 23:44:25.478] [file_logger] [info] Thread 0: Added point 120 at (49, 241)
[2024-10-08 23:44:25.478] [file_logger] [warning] Path blocked at: (304.6666666666667, 515.3333333333334)
[2024-10-08 23:44:25.478] [file_logger] [warning] Path blocked at: (808, 325.5)
[2024-10-08 23:44:25.478] [file_logger] [warning] Path blocked at: (806.2222222222222, 728.4444444444445)
[2024-10-08 23:44:25.478] [file_logger] [info] Thread 0: Added point 121 at (84, 538)
[2024-10-08 23:44:25.478] [file_logger] [info] Thread 0: Added point 122 at (540, 447)
[2024-10-08 23:44:25.478] [file_logger] [info] Thread 0: Added point 123 at (864, 325)
[2024-10-08 23:44:25.478] [file_logger] [info] Thread 0: Added point 124 at (24, 921)
[2024-10-08 23:44:25.478] [file_logger] [warning] Path blocked at: (204.83333333333331, 320.8333333333333)
[2024-10-08 23:44:25.478] [file_logger] [info] Thread 0: Added point 125 at (614, 84)
[2024-10-08 23:44:25.479] [file_logger] [info] Thread 0: Added point 126 at (843, 370)
[2024-10-08 23:44:25.479] [file_logger] [info] Thread 0: Added point 127 at (601, 843)
[2024-10-08 23:44:25.479] [file_logger] [info] Thread 0: Added point 128 at (51, 963)
[2024-10-08 23:44:25.479] [file_logger] [warning] Path blocked at: (206, 169.25)
[2024-10-08 23:44:25.479] [file_logger] [info] Thread 0: Added point 129 at (789, 910)
[2024-10-08 23:44:25.479] [file_logger] [warning] Path blocked at: (600.5, 363)
[2024-10-08 23:44:25.479] [file_logger] [warning] Path blocked at: (399.9, 406.3)
[2024-10-08 23:44:25.479] [file_logger] [info] Thread 0: Added point 130 at (884, 246)
[2024-10-08 23:44:25.479] [file_logger] [info] Thread 0: Added point 131 at (180, 448)
[2024-10-08 23:44:25.479] [file_logger] [info] Thread 0: Added point 132 at (820, 414)
[2024-10-08 23:44:25.479] [file_logger] [info] Thread 0: Added point 133 at (910, 844)
[2024-10-08 23:44:25.479] [file_logger] [info] Thread 0: Added point 134 at (923, 720)
[2024-10-08 23:44:25.479] [file_logger] [info] Thread 0: Added point 135 at (200, 842)
[2024-10-08 23:44:25.479] [file_logger] [info] Thread 0: Added point 136 at (901, 199)
[2024-10-08 23:44:25.479] [file_logger] [info] Thread 0: Added point 137 at (891, 149)
[2024-10-08 23:44:25.479] [file_logger] [info] Thread 0: Added point 138 at (339, 246)
[2024-10-08 23:44:25.479] [file_logger] [warning] Path blocked at: (203.16666666666669, 320.8333333333333)
[2024-10-08 23:44:25.479] [file_logger] [info] Thread 0: Added point 139 at (902, 356)
[2024-10-08 23:44:25.479] [file_logger] [info] Thread 0: Added point 140 at (175, 665)
[2024-10-08 23:44:25.479] [file_logger] [warning] Path blocked at: (203.44444444444446, 139.88888888888889)
[2024-10-08 23:44:25.480] [file_logger] [info] Thread 0: Added point 141 at (915, 404)
[2024-10-08 23:44:25.480] [file_logger] [info] Thread 0: Added point 142 at (307, 984)
[2024-10-08 23:44:25.480] [file_logger] [info] Thread 0: Added point 143 at (948, 338)
[2024-10-08 23:44:25.480] [file_logger] [info] Thread 0: Added point 144 at (451, 636)
[2024-10-08 23:44:25.480] [file_logger] [info] Thread 0: Added point 145 at (480, 972)
[2024-10-08 23:44:25.480] [file_logger] [info] Thread 0: Added point 146 at (319, 935)
[2024-10-08 23:44:25.480] [file_logger] [warning] Path blocked at: (788, 501)
[2024-10-08 23:44:25.480] [file_logger] [info] Thread 0: Added point 147 at (135, 911)
[2024-10-08 23:44:25.480] [file_logger] [info] Thread 0: Added point 148 at (344, 864)
[2024-10-08 23:44:25.480] [file_logger] [info] Thread 0: Added point 149 at (168, 981)
[2024-10-08 23:44:25.480] [file_logger] [warning] Path blocked at: (332, 206)
[2024-10-08 23:44:25.480] [file_logger] [info] Thread 0: Added point 150 at (513, 379)
[2024-10-08 23:44:25.480] [file_logger] [info] Thread 0: Added point 151 at (150, 537)
[2024-10-08 23:44:25.480] [file_logger] [info] Thread 0: Added point 152 at (77, 824)
[2024-10-08 23:44:25.480] [file_logger] [info] Thread 0: Added point 153 at (163, 854)
[2024-10-08 23:44:25.480] [file_logger] [info] Thread 0: Added point 154 at (943, 445)
[2024-10-08 23:44:25.480] [file_logger] [warning] Path blocked at: (206, 154.5)
[2024-10-08 23:44:25.480] [file_logger] [info] Thread 0: Added point 155 at (102, 17)
[2024-10-08 23:44:25.480] [file_logger] [info] Thread 0: Added point 156 at (176, 90)
[2024-10-08 23:44:25.480] [file_logger] [info] Thread 0: Added point 157 at (509, 629)
[2024-10-08 23:44:25.480] [file_logger] [info] Thread 0: Added point 158 at (912, 680)
[2024-10-08 23:44:25.480] [file_logger] [info] Thread 0: Added point 159 at (51, 804)
[2024-10-08 23:44:25.480] [file_logger] [warning] Path blocked at: (624.2857142857143, 505.57142857142856)
[2024-10-08 23:44:25.481] [file_logger] [info] Thread 0: Added point 160 at (968, 487)
[2024-10-08 23:44:25.481] [file_logger] [info] Thread 0: Added point 161 at (932, 123)
[2024-10-08 23:44:25.481] [file_logger] [warning] Path blocked at: (710.8, 303)
[2024-10-08 23:44:25.481] [file_logger] [info] Thread 0: Added point 162 at (926, 891)
[2024-10-08 23:44:25.481] [file_logger] [info] Thread 0: Added point 163 at (859, 445)
[2024-10-08 23:44:25.481] [file_logger] [warning] Path blocked at: (651.7777777777778, 103.11111111111111)
[2024-10-08 23:44:25.481] [file_logger] [warning] Path blocked at: (807.2, 703.2)
[2024-10-08 23:44:25.481] [file_logger] [info] Thread 0: Added point 164 at (663, 74)
[2024-10-08 23:44:25.481] [file_logger] [info] Thread 0: Added point 165 at (194, 559)
[2024-10-08 23:44:25.481] [file_logger] [info] Thread 0: Added point 166 at (846, 701)
[2024-10-08 23:44:25.481] [file_logger] [warning] Path blocked at: (236, 703)
[2024-10-08 23:44:25.481] [file_logger] [info] Thread 0: Added point 167 at (894, 929)
[2024-10-08 23:44:25.481] [file_logger] [info] Thread 0: Added point 168 at (942, 702)
[2024-10-08 23:44:25.481] [file_logger] [info] Thread 0: Added point 169 at (893, 788)
[2024-10-08 23:44:25.482] [file_logger] [warning] Path blocked at: (808, 799)
[2024-10-08 23:44:25.482] [file_logger] [info] Thread 0: Added point 170 at (39, 819)
[2024-10-08 23:44:25.482] [file_logger] [info] Thread 0: Added point 171 at (974, 299)
[2024-10-08 23:44:25.482] [file_logger] [info] Thread 0: Added point 172 at (530, 674)
[2024-10-08 23:44:25.482] [file_logger] [info] Thread 0: Added point 173 at (707, 50)
[2024-10-08 23:44:25.482] [file_logger] [warning] Path blocked at: (604, 590.875)
[2024-10-08 23:44:25.482] [file_logger] [info] Thread 0: Added point 174 at (684, 9)
[2024-10-08 23:44:25.482] [file_logger] [warning] Path blocked at: (237, 700)
[2024-10-08 23:44:25.482] [file_logger] [info] Thread 0: Added point 175 at (311, 450)
[2024-10-08 23:44:25.482] [file_logger] [info] Thread 0: Added point 176 at (313, 486)
[2024-10-08 23:44:25.482] [file_logger] [info] Thread 0: Added point 177 at (945, 102)
[2024-10-08 23:44:25.482] [file_logger] [info] Thread 0: Added point 178 at (580, 476)
[2024-10-08 23:44:25.482] [file_logger] [info] Thread 0: Added point 179 at (507, 554)
[2024-10-08 23:44:25.483] [file_logger] [warning] Path blocked at: (809.5454545454545, 511.9090909090909)
[2024-10-08 23:44:25.483] [file_logger] [info] Thread 0: Added point 180 at (789, 453)
[2024-10-08 23:44:25.483] [file_logger] [info] Thread 0: Added point 181 at (136, 84)
[2024-10-08 23:44:25.483] [file_logger] [info] Thread 0: Added point 182 at (889, 635)
[2024-10-08 23:44:25.483] [file_logger] [info] Thread 0: Added point 183 at (927, 659)
[2024-10-08 23:44:25.483] [file_logger] [info] Thread 0: Added point 184 at (816, 856)
[2024-10-08 23:44:25.483] [file_logger] [warning] Path blocked at: (747.6666666666666, 405.6666666666667)
[2024-10-08 23:44:25.483] [file_logger] [info] Thread 0: Added point 185 at (579, 942)
[2024-10-08 23:44:25.483] [file_logger] [info] Thread 0: Added point 186 at (445, 873)
[2024-10-08 23:44:25.483] [file_logger] [warning] Path blocked at: (702.5, 206.5)
[2024-10-08 23:44:25.483] [file_logger] [info] Thread 0: Added point 187 at (438, 684)
[2024-10-08 23:44:25.484] [file_logger] [info] Thread 0: Added point 188 at (878, 390)
[2024-10-08 23:44:25.484] [file_logger] [info] Thread 0: Added point 189 at (424, 408)
[2024-10-08 23:44:25.484] [file_logger] [info] Thread 0: Added point 190 at (457, 405)
[2024-10-08 23:44:25.484] [file_logger] [warning] Path blocked at: (691.6, 201.2)
[2024-10-08 23:44:25.484] [file_logger] [warning] Path blocked at: (205.4, 562)
[2024-10-08 23:44:25.484] [file_logger] [info] Thread 0: Added point 191 at (911, 590)
[2024-10-08 23:44:25.484] [file_logger] [info] Thread 0: Added point 192 at (623, 450)
[2024-10-08 23:44:25.484] [file_logger] [info] Thread 0: Added point 193 at (670, 433)
[2024-10-08 23:44:25.484] [file_logger] [warning] Path blocked at: (609.8, 171.6)
[2024-10-08 23:44:25.484] [file_logger] [warning] Path blocked at: (353, 303.2)
[2024-10-08 23:44:25.484] [file_logger] [warning] Path blocked at: (750.25, 802.5)
[2024-10-08 23:44:25.485] [file_logger] [info] Thread 0: Added point 194 at (484, 904)
[2024-10-08 23:44:25.485] [file_logger] [info] Thread 0: Added point 195 at (455, 500)
[2024-10-08 23:44:25.485] [file_logger] [warning] Path blocked at: (213.57142857142856, 707.1428571428571)
[2024-10-08 23:44:25.485] [file_logger] [info] Thread 0: Added point 196 at (752, 70)
[2024-10-08 23:44:25.485] [file_logger] [warning] Path blocked at: (698.6666666666666, 205.33333333333334)
[2024-10-08 23:44:25.485] [file_logger] [info] Thread 0: Added point 197 at (886, 816)
[2024-10-08 23:44:25.485] [file_logger] [info] Thread 0: Added point 198 at (164, 210)
[2024-10-08 23:44:25.485] [file_logger] [info] Thread 0: Added point 199 at (462, 583)
[2024-10-08 23:44:25.485] [file_logger] [info] Thread 0: Added point 200 at (963, 250)
[2024-10-08 23:44:25.485] [file_logger] [info] Thread 0: Added point 201 at (959, 578)
[2024-10-08 23:44:25.485] [file_logger] [info] Thread 0: Added point 202 at (867, 220)
[2024-10-08 23:44:25.485] [file_logger] [info] Thread 0: Added point 203 at (546, 267)
[2024-10-08 23:44:25.486] [file_logger] [info] Thread 0: Added point 204 at (36, 992)
[2024-10-08 23:44:25.486] [file_logger] [warning] Path blocked at: (735, 806)
[2024-10-08 23:44:25.486] [file_logger] [info] Thread 0: Added point 205 at (923, 547)
[2024-10-08 23:44:25.486] [file_logger] [warning] Path blocked at: (706, 409.8)
[2024-10-08 23:44:25.486] [file_logger] [info] Thread 0: Added point 206 at (39, 755)
[2024-10-08 23:44:25.486] [file_logger] [info] Thread 0: Added point 207 at (591, 459)
[2024-10-08 23:44:25.486] [file_logger] [info] Thread 0: Added point 208 at (634, 488)
[2024-10-08 23:44:25.486] [file_logger] [info] Thread 0: Added point 209 at (295, 270)
[2024-10-08 23:44:25.486] [file_logger] [info] Thread 0: Added point 210 at (391, 666)
[2024-10-08 23:44:25.486] [file_logger] [info] Thread 0: Added point 211 at (31, 432)
[2024-10-08 23:44:25.486] [file_logger] [warning] Path blocked at: (210.44444444444446, 571.6666666666666)
[2024-10-08 23:44:25.486] [file_logger] [info] Thread 0: Added point 212 at (905, 291)
[2024-10-08 23:44:25.486] [file_logger] [info] Thread 0: Added point 213 at (385, 439)
[2024-10-08 23:44:25.486] [file_logger] [info] Thread 0: Added point 214 at (940, 802)
[2024-10-08 23:44:25.487] [file_logger] [info] Thread 0: Added point 215 at (481, 650)
[2024-10-08 23:44:25.487] [file_logger] [info] Thread 0: Added point 216 at (969, 402)
[2024-10-08 23:44:25.487] [file_logger] [info] Thread 0: Added point 217 at (13, 177)
[2024-10-08 23:44:25.487] [file_logger] [warning] Path blocked at: (672, 500.6666666666667)
[2024-10-08 23:44:25.487] [file_logger] [info] Thread 0: Added point 218 at (383, 1)
[2024-10-08 23:44:25.487] [file_logger] [info] Thread 0: Added point 219 at (154, 693)
[2024-10-08 23:44:25.487] [file_logger] [warning] Path blocked at: (337, 402)
[2024-10-08 23:44:25.487] [file_logger] [info] Thread 0: Added point 220 at (119, 229)
[2024-10-08 23:44:25.487] [file_logger] [info] Thread 0: Added point 221 at (69, 384)
[2024-10-08 23:44:25.487] [file_logger] [warning] Path blocked at: (636.6, 509)
[2024-10-08 23:44:25.487] [file_logger] [warning] Path blocked at: (280, 400)
[2024-10-08 23:44:25.488] [file_logger] [info] Thread 0: Added point 222 at (972, 873)
[2024-10-08 23:44:25.488] [file_logger] [info] Thread 0: Added point 223 at (812, 664)
[2024-10-08 23:44:25.488] [file_logger] [info] Thread 0: Added point 224 at (81, 737)
[2024-10-08 23:44:25.488] [file_logger] [info] Thread 0: Added point 225 at (2, 876)
[2024-10-08 23:44:25.488] [file_logger] [info] Thread 0: Added point 226 at (921, 57)
[2024-10-08 23:44:25.489] [file_logger] [info] Thread 0: Added point 227 at (722, 959)
[2024-10-08 23:44:25.489] [file_logger] [info] Thread 0: Added point 228 at (264, 42)
[2024-10-08 23:44:25.489] [file_logger] [info] Thread 0: Added point 229 at (788, 619)
[2024-10-08 23:44:25.489] [file_logger] [warning] Path blocked at: (739.3333333333334, 308.3333333333333)
[2024-10-08 23:44:25.489] [file_logger] [info] Thread 0: Added point 230 at (344, 683)
[2024-10-08 23:44:25.489] [file_logger] [info] Thread 0: Added point 231 at (972, 151)
[2024-10-08 23:44:25.489] [file_logger] [info] Thread 0: Added point 232 at (986, 784)
[2024-10-08 23:44:25.489] [file_logger] [info] Thread 0: Added point 233 at (875, 902)
[2024-10-08 23:44:25.489] [file_logger] [info] Thread 0: Added point 234 at (502, 122)
[2024-10-08 23:44:25.489] [file_logger] [warning] Path blocked at: (676.125, 102.5)
[2024-10-08 23:44:25.489] [file_logger] [info] Thread 0: Added point 235 at (576, 655)
[2024-10-08 23:44:25.490] [file_logger] [info] Thread 0: Added point 236 at (276, 938)
[2024-10-08 23:44:25.490] [file_logger] [info] Thread 0: Added point 237 at (259, 886)
[2024-10-08 23:44:25.490] [file_logger] [warning] Path blocked at: (299, 807.6666666666666)
[2024-10-08 23:44:25.490] [file_logger] [warning] Path blocked at: (235.5, 806)
[2024-10-08 23:44:25.490] [file_logger] [warning] Path blocked at: (361.8, 405.4)
[2024-10-08 23:44:25.490] [file_logger] [info] Thread 0: Added point 238 at (640, 424)
[2024-10-08 23:44:25.490] [file_logger] [info] Thread 0: Added point 239 at (438, 462)
[2024-10-08 23:44:25.490] [file_logger] [warning] Path blocked at: (407, 384)
[2024-10-08 23:44:25.490] [file_logger] [info] Thread 0: Added point 240 at (155, 799)
[2024-10-08 23:44:25.490] [file_logger] [info] Thread 0: Added point 241 at (514, 70)
[2024-10-08 23:44:25.490] [file_logger] [warning] Path blocked at: (206.66666666666669, 377)
[2024-10-08 23:44:25.490] [file_logger] [info] Thread 0: Added point 242 at (941, 608)
[2024-10-08 23:44:25.490] [file_logger] [warning] Path blocked at: (206.28571428571428, 341.7142857142857)
[2024-10-08 23:44:25.491] [file_logger] [warning] Path blocked at: (601, 337)
[2024-10-08 23:44:25.491] [file_logger] [warning] Path blocked at: (645.3333333333334, 609.6666666666666)
[2024-10-08 23:44:25.491] [file_logger] [info] Thread 0: Added point 243 at (583, 184)
[2024-10-08 23:44:25.491] [file_logger] [warning] Path blocked at: (212.25, 568.25)
[2024-10-08 23:44:25.491] [file_logger] [info] Thread 0: Added point 244 at (193, 365)
[2024-10-08 23:44:25.491] [file_logger] [info] Thread 0: Added point 245 at (206, 235)
[2024-10-08 23:44:25.491] [file_logger] [info] Thread 0: Added point 246 at (796, 92)
[2024-10-08 23:44:25.491] [file_logger] [info] Thread 0: Added point 247 at (940, 640)
[2024-10-08 23:44:25.491] [file_logger] [info] Thread 0: Added point 248 at (810, 954)
[2024-10-08 23:44:25.491] [file_logger] [info] Thread 0: Added point 249 at (854, 170)
[2024-10-08 23:44:25.491] [file_logger] [info] Thread 0: Added point 250 at (568, 958)
[2024-10-08 23:44:25.492] [file_logger] [warning] Path blocked at: (206.33333333333334, 349)
[2024-10-08 23:44:25.492] [file_logger] [info] Thread 0: Added point 251 at (327, 437)
[2024-10-08 23:44:25.492] [file_logger] [warning] Path blocked at: (772.25, 605.25)
[2024-10-08 23:44:25.492] [file_logger] [info] Thread 0: Added point 252 at (68, 157)
[2024-10-08 23:44:25.492] [file_logger] [warning] Path blocked at: (727.4285714285714, 808.1428571428571)
[2024-10-08 23:44:25.492] [file_logger] [info] Thread 0: Added point 253 at (836, 791)
[2024-10-08 23:44:25.492] [file_logger] [info] Thread 0: Added point 254 at (28, 706)
[2024-10-08 23:44:25.492] [file_logger] [info] Thread 0: Added point 255 at (768, 814)
[2024-10-08 23:44:25.492] [file_logger] [info] Thread 0: Added point 256 at (472, 698)
[2024-10-08 23:44:25.492] [file_logger] [info] Thread 0: Added point 257 at (934, 738)
[2024-10-08 23:44:25.493] [file_logger] [info] Thread 0: Added point 258 at (357, 629)
[2024-10-08 23:44:25.493] [file_logger] [info] Thread 0: Added point 259 at (100, 527)
[2024-10-08 23:44:25.493] [file_logger] [warning] Path blocked at: (618, 702)
[2024-10-08 23:44:25.493] [file_logger] [info] Thread 0: Added point 260 at (747, 937)
[2024-10-08 23:44:25.493] [file_logger] [info] Thread 0: Added point 261 at (745, 280)
[2024-10-08 23:44:25.493] [file_logger] [info] Thread 0: Added point 262 at (46, 859)
[2024-10-08 23:44:25.493] [file_logger] [info] Thread 0: Added point 263 at (965, 35)
[2024-10-08 23:44:25.493] [file_logger] [info] Thread 0: Added point 264 at (313, 695)
[2024-10-08 23:44:25.494] [file_logger] [info] Thread 0: Added point 265 at (809, 438)
[2024-10-08 23:44:25.494] [file_logger] [info] Thread 0: Added point 266 at (19, 445)
[2024-10-08 23:44:25.494] [file_logger] [info] Thread 0: Added point 267 at (116, 295)
[2024-10-08 23:44:25.494] [file_logger] [info] Thread 0: Added point 268 at (419, 304)
[2024-10-08 23:44:25.494] [file_logger] [info] Thread 0: Added point 269 at (991, 288)
[2024-10-08 23:44:25.494] [file_logger] [info] Thread 0: Added point 270 at (829, 309)
[2024-10-08 23:44:25.494] [file_logger] [warning] Path blocked at: (296.8333333333333, 507.6666666666667)
[2024-10-08 23:44:25.494] [file_logger] [info] Thread 0: Added point 271 at (196, 763)
[2024-10-08 23:44:25.495] [file_logger] [info] Thread 0: Added point 272 at (914, 214)
[2024-10-08 23:44:25.495] [file_logger] [info] Thread 0: Added point 273 at (92, 852)
[2024-10-08 23:44:25.495] [file_logger] [warning] Path blocked at: (323.14285714285717, 109.57142857142857)
[2024-10-08 23:44:25.495] [file_logger] [warning] Path blocked at: (406, 174)
[2024-10-08 23:44:25.495] [file_logger] [warning] Path blocked at: (757.25, 808.75)
[2024-10-08 23:44:25.495] [file_logger] [info] Thread 0: Added point 274 at (780, 689)
[2024-10-08 23:44:25.495] [file_logger] [info] Thread 0: Added point 275 at (121, 932)
[2024-10-08 23:44:25.496] [file_logger] [info] Thread 0: Added point 276 at (868, 295)
[2024-10-08 23:44:25.496] [file_logger] [info] Thread 0: Added point 277 at (857, 129)
[2024-10-08 23:44:25.496] [file_logger] [info] Thread 0: Added point 278 at (875, 78)
[2024-10-08 23:44:25.496] [file_logger] [info] Thread 0: Added point 279 at (134, 812)
[2024-10-08 23:44:25.496] [file_logger] [info] Thread 0: Added point 280 at (833, 648)
[2024-10-08 23:44:25.496] [file_logger] [warning] Path blocked at: (610.1666666666666, 165.83333333333334)
[2024-10-08 23:44:25.496] [file_logger] [info] Thread 0: Added point 281 at (119, 991)
[2024-10-08 23:44:25.497] [file_logger] [warning] Path blocked at: (751.4, 799.8)
[2024-10-08 23:44:25.497] [file_logger] [warning] Path blocked at: (381.5, 206.83333333333334)
[2024-10-08 23:44:25.497] [file_logger] [info] Thread 0: Added point 282 at (975, 211)
[2024-10-08 23:44:25.497] [file_logger] [warning] Path blocked at: (773.6666666666666, 708.6666666666666)
[2024-10-08 23:44:25.497] [file_logger] [info] Thread 0: Added point 283 at (402, 253)
[2024-10-08 23:44:25.497] [file_logger] [warning] Path blocked at: (804, 402)
[2024-10-08 23:44:25.497] [file_logger] [info] Thread 0: Added point 284 at (283, 654)
[2024-10-08 23:44:25.497] [file_logger] [info] Thread 0: Added point 285 at (104, 581)
[2024-10-08 23:44:25.497] [file_logger] [info] Thread 0: Added point 286 at (759, 442)
[2024-10-08 23:44:25.498] [file_logger] [info] Thread 0: Added point 287 at (246, 283)
[2024-10-08 23:44:25.498] [file_logger] [info] Thread 0: Added point 288 at (485, 837)
[2024-10-08 23:44:25.498] [file_logger] [info] Thread 0: Added point 289 at (656, 452)
[2024-10-08 23:44:25.499] [file_logger] [info] Thread 0: Added point 290 at (287, 412)
[2024-10-08 23:44:25.499] [file_logger] [info] Thread 0: Added point 291 at (924, 260)
[2024-10-08 23:44:25.499] [file_logger] [warning] Path blocked at: (218.5, 502)
[2024-10-08 23:44:25.499] [file_logger] [info] Thread 0: Added point 292 at (725, 426)
[2024-10-08 23:44:25.499] [file_logger] [info] Thread 0: Added point 293 at (175, 342)
[2024-10-08 23:44:25.499] [file_logger] [warning] Path blocked at: (641, 805.8571428571429)
[2024-10-08 23:44:25.499] [file_logger] [info] Thread 0: Added point 294 at (473, 553)
[2024-10-08 23:44:25.500] [file_logger] [info] Thread 0: Added point 295 at (494, 675)
[2024-10-08 23:44:25.500] [file_logger] [info] Thread 0: Added point 296 at (548, 351)
[2024-10-08 23:44:25.500] [file_logger] [info] Thread 0: Added point 297 at (273, 224)
[2024-10-08 23:44:25.500] [file_logger] [warning] Path blocked at: (209, 383.6666666666667)
[2024-10-08 23:44:25.500] [file_logger] [warning] Path blocked at: (604, 308)
[2024-10-08 23:44:25.500] [file_logger] [info] Thread 0: Added point 298 at (428, 216)
[2024-10-08 23:44:25.500] [file_logger] [warning] Path blocked at: (239.5, 305)
[2024-10-08 23:44:25.500] [file_logger] [info] Thread 0: Added point 299 at (239, 943)
[2024-10-08 23:44:25.500] [file_logger] [info] Thread 0: Added point 300 at (752, 984)
[2024-10-08 23:44:25.501] [file_logger] [info] Thread 0: Added point 301 at (466, 512)
[2024-10-08 23:44:25.501] [file_logger] [info] Thread 0: Added point 302 at (192, 284)
[2024-10-08 23:44:25.501] [file_logger] [warning] Path blocked at: (610.5, 159.5)
[2024-10-08 23:44:25.502] [file_logger] [info] Thread 0: Added point 303 at (734, 864)
[2024-10-08 23:44:25.502] [file_logger] [info] Thread 0: Added point 304 at (898, 754)
[2024-10-08 23:44:25.502] [file_logger] [warning] Path blocked at: (700.4, 209.2)
[2024-10-08 23:44:25.502] [file_logger] [info] Thread 0: Added point 305 at (784, 418)
[2024-10-08 23:44:25.502] [file_logger] [info] Thread 0: Added point 306 at (223, 926)
[2024-10-08 23:44:25.502] [file_logger] [info] Thread 0: Added point 307 at (480, 366)
[2024-10-08 23:44:25.502] [file_logger] [info] Thread 0: Added point 308 at (542, 494)
[2024-10-08 23:44:25.503] [file_logger] [info] Thread 0: Added point 309 at (624, 643)
[2024-10-08 23:44:25.503] [file_logger] [info] Thread 0: Added point 310 at (549, 849)
[2024-10-08 23:44:25.503] [file_logger] [warning] Path blocked at: (801.1428571428571, 600.7142857142857)
[2024-10-08 23:44:25.503] [file_logger] [info] Thread 0: Added point 311 at (210, 434)
[2024-10-08 23:44:25.503] [file_logger] [info] Thread 0: Added point 312 at (414, 541)
[2024-10-08 23:44:25.503] [file_logger] [warning] Path blocked at: (402.6666666666667, 522.3333333333334)
[2024-10-08 23:44:25.503] [file_logger] [info] Thread 0: Added point 313 at (758, 914)
[2024-10-08 23:44:25.503] [file_logger] [info] Thread 0: Added point 314 at (938, 906)
[2024-10-08 23:44:25.503] [file_logger] [info] Thread 0: Added point 315 at (195, 171)
[2024-10-08 23:44:25.504] [file_logger] [warning] Path blocked at: (316, 705)
[2024-10-08 23:44:25.504] [file_logger] [info] Thread 0: Added point 316 at (466, 625)
[2024-10-08 23:44:25.504] [file_logger] [warning] Path blocked at: (761, 202.57142857142856)
[2024-10-08 23:44:25.504] [file_logger] [info] Thread 0: Added point 317 at (32, 350)
[2024-10-08 23:44:25.505] [file_logger] [warning] Path blocked at: (607.7142857142857, 337.57142857142856)
[2024-10-08 23:44:25.505] [file_logger] [warning] Path blocked at: (399, 806)
[2024-10-08 23:44:25.505] [file_logger] [warning] Path blocked at: (796.75, 599.5)
[2024-10-08 23:44:25.505] [file_logger] [info] Thread 0: Added point 318 at (86, 107)
[2024-10-08 23:44:25.506] [file_logger] [info] Thread 0: Added point 319 at (326, 894)
[2024-10-08 23:44:25.506] [file_logger] [info] Thread 0: Added point 320 at (77, 952)
[2024-10-08 23:44:25.506] [file_logger] [info] Thread 0: Added point 321 at (818, 325)
[2024-10-08 23:44:25.506] [file_logger] [info] Thread 0: Added point 322 at (958, 771)
[2024-10-08 23:44:25.506] [file_logger] [info] Thread 0: Added point 323 at (186, 37)
[2024-10-08 23:44:25.507] [file_logger] [info] Thread 0: Added point 324 at (249, 19)
[2024-10-08 23:44:25.507] [file_logger] [info] Thread 0: Added point 325 at (787, 227)
[2024-10-08 23:44:25.507] [file_logger] [info] Thread 0: Added point 326 at (876, 527)
[2024-10-08 23:44:25.507] [file_logger] [info] Thread 0: Added point 327 at (164, 23)
[2024-10-08 23:44:25.507] [file_logger] [info] Thread 0: Added point 328 at (136, 681)
[2024-10-08 23:44:25.508] [file_logger] [info] Thread 0: Added point 329 at (862, 554)
[2024-10-08 23:44:25.508] [file_logger] [info] Thread 0: Added point 330 at (614, 965)
[2024-10-08 23:44:25.508] [file_logger] [warning] Path blocked at: (203.75, 105)
[2024-10-08 23:44:25.509] [file_logger] [warning] Path blocked at: (786, 111.6)
[2024-10-08 23:44:25.509] [file_logger] [info] Thread 0: Added point 331 at (168, 265)
[2024-10-08 23:44:25.509] [file_logger] [warning] Path blocked at: (711.4, 304.8)
[2024-10-08 23:44:25.509] [file_logger] [info] Thread 0: Added point 332 at (782, 293)
[2024-10-08 23:44:25.509] [file_logger] [info] Thread 0: Added point 333 at (938, 247)
[2024-10-08 23:44:25.509] [file_logger] [info] Thread 0: Added point 334 at (518, 537)
[2024-10-08 23:44:25.509] [file_logger] [info] Thread 0: Added point 335 at (340, 617)
[2024-10-08 23:44:25.510] [file_logger] [info] Thread 0: Added point 336 at (48, 722)
[2024-10-08 23:44:25.510] [file_logger] [info] Thread 0: Added point 337 at (848, 986)
[2024-10-08 23:44:25.510] [file_logger] [warning] Path blocked at: (341.4, 405.8)
[2024-10-08 23:44:25.510] [file_logger] [warning] Path blocked at: (749, 802)
[2024-10-08 23:44:25.510] [file_logger] [info] Thread 0: Added point 338 at (864, 263)
[2024-10-08 23:44:25.510] [file_logger] [info] Thread 0: Added point 339 at (559, 800)
[2024-10-08 23:44:25.510] [file_logger] [warning] Path blocked at: (281.6666666666667, 401.6666666666667)
[2024-10-08 23:44:25.511] [file_logger] [info] Thread 0: Added point 340 at (798, 270)
[2024-10-08 23:44:25.511] [file_logger] [warning] Path blocked at: (646.6, 208.4)
[2024-10-08 23:44:25.511] [file_logger] [warning] Path blocked at: (661, 505.4)
[2024-10-08 23:44:25.511] [file_logger] [warning] Path blocked at: (618.3333333333334, 161.66666666666666)
[2024-10-08 23:44:25.512] [file_logger] [warning] Path blocked at: (394, 802.1428571428571)
[2024-10-08 23:44:25.512] [file_logger] [warning] Path blocked at: (405, 192)
[2024-10-08 23:44:25.512] [file_logger] [warning] Path blocked at: (321.6666666666667, 607.3333333333334)
[2024-10-08 23:44:25.512] [file_logger] [info] Thread 0: Added point 341 at (595, 409)
[2024-10-08 23:44:25.512] [file_logger] [info] Thread 0: Added point 342 at (820, 190)
[2024-10-08 23:44:25.512] [file_logger] [warning] Path blocked at: (761.2, 208.4)
[2024-10-08 23:44:25.512] [file_logger] [info] Thread 0: Added point 343 at (279, 11)
[2024-10-08 23:44:25.512] [file_logger] [info] Thread 0: Added point 344 at (696, 480)
[2024-10-08 23:44:25.512] [file_logger] [info] Thread 0: Added point 345 at (31, 53)
[2024-10-08 23:44:25.513] [file_logger] [info] Thread 0: Added point 346 at (26, 119)
[2024-10-08 23:44:25.513] [file_logger] [info] Thread 0: Added point 347 at (490, 567)
[2024-10-08 23:44:25.513] [file_logger] [info] Thread 0: Added point 348 at (85, 368)
[2024-10-08 23:44:25.514] [file_logger] [info] Thread 0: Added point 349 at (648, 990)
[2024-10-08 23:44:25.514] [file_logger] [warning] Path blocked at: (405.6666666666667, 119.66666666666667)
[2024-10-08 23:44:25.514] [file_logger] [info] Thread 0: Added point 350 at (430, 166)
[2024-10-08 23:44:25.514] [file_logger] [info] Thread 0: Added point 351 at (914, 498)
[2024-10-08 23:44:25.514] [file_logger] [info] Thread 0: Added point 352 at (528, 760)
[2024-10-08 23:44:25.514] [file_logger] [info] Thread 0: Added point 353 at (773, 860)
[2024-10-08 23:44:25.514] [file_logger] [info] Thread 0: Added point 354 at (963, 948)
[2024-10-08 23:44:25.514] [file_logger] [info] Thread 0: Target reached!
[2024-10-08 23:44:25.515] [file_logger] [info] Thread 0: Notified all threads
[2024-10-08 23:44:25.515] [file_logger] [info] RRT completed in 41 milliseconds.
