[2024-10-08 23:44:25.447] [file_logger] [info] Logger initialized and ready to log.
[2024-10-08 23:44:25.447] [file_logger] [info] Initializing Setup...
[2024-10-08 23:44:25.447] [file_logger] [info] Setup complete.
[2024-10-08 23:44:25.447] [file_logger] [info] Obstacle added with top-left: (200, 100), bottom-right: (400, 200)
[2024-10-08 23:44:25.447] [file_logger] [info] Obstacle added with top-left: (200, 300), bottom-right: (400, 400)
[2024-10-08 23:44:25.447] [file_logger] [info] Obstacle added with top-left: (200, 500), bottom-right: (400, 600)
[2024-10-08 23:44:25.447] [file_logger] [info] Obstacle added with top-left: (200, 700), bottom-right: (400, 800)
[2024-10-08 23:44:25.447] [file_logger] [info] Obstacle added with top-left: (600, 100), bottom-right: (800, 200)
[2024-10-08 23:44:25.447] [file_logger] [info] Obstacle added with top-left: (600, 300), bottom-right: (800, 400)
[2024-10-08 23:44:25.447] [file_logger] [info] Obstacle added with top-left: (600, 500), bottom-right: (800, 600)
[2024-10-08 23:44:25.447] [file_logger] [info] Obstacle added with top-left: (600, 700), bottom-right: (800, 800)
[2024-10-08 23:44:25.447] [file_logger] [warning] Path blocked at: (218.92857142857144, 305.71428571428567)
[2024-10-08 23:44:25.447] [file_logger] [warning] Path blocked at: (363.03225806451616, 100)
[2024-10-08 23:44:25.447] [file_logger] [warning] Path blocked at: (204.61386138613864, 707.90099009901)
[2024-10-08 23:44:25.447] [file_logger] [warning] Path blocked at: (204.45378151260505, 185.4453781512605)
[2024-10-08 23:44:25.447] [file_logger] [info] Thread 0: Added point 1 at (58, 22)
[2024-10-08 23:44:25.447] [file_logger] [warning] Path blocked at: (270.6063829787234, 302.74468085106383)
[2024-10-08 23:44:25.447] [file_logger] [warning] Path blocked at: (203.5593220338983, 374.9491525423729)
[2024-10-08 23:44:25.447] [file_logger] [warning] Path blocked at: (253.5, 100.5)
[2024-10-08 23:44:25.447] [file_logger] [warning] Path blocked at: (242.98924731182794, 308.258064516129)
[2024-10-08 23:44:25.447] [file_logger] [info] Thread 0: Added point 2 at (107, 23)
[2024-10-08 23:44:25.447] [file_logger] [warning] Path blocked at: (200.4, 115.6)
[2024-10-08 23:44:25.447] [file_logger] [info] Thread 0: Added point 3 at (108, 72)
[2024-10-08 23:44:25.447] [file_logger] [info] Thread 0: Added point 4 at (109, 121)
[2024-10-08 23:44:25.447] [file_logger] [warning] Path blocked at: (203.07462686567163, 178.2985074626866)
[2024-10-08 23:44:25.447] [file_logger] [warning] Path blocked at: (201.8421052631579, 342.6842105263158)
[2024-10-08 23:44:25.447] [file_logger] [warning] Path blocked at: (216.16494845360825, 302.42268041237116)
[2024-10-08 23:44:25.447] [file_logger] [info] Thread 0: Added point 5 at (111, 170)
[2024-10-08 23:44:25.447] [file_logger] [warning] Path blocked at: (263.0430107526882, 300.10752688172045)
[2024-10-08 23:44:25.447] [file_logger] [warning] Path blocked at: (209.78787878787878, 190.9090909090909)
[2024-10-08 23:44:25.447] [file_logger] [warning] Path blocked at: (312, 303.8461538461538)
[2024-10-08 23:44:25.447] [file_logger] [warning] Path blocked at: (249.89655172413794, 301.5258620689655)
[2024-10-08 23:44:25.447] [file_logger] [warning] Path blocked at: (212.65306122448982, 306.5204081632653)
[2024-10-08 23:44:25.447] [file_logger] [warning] Path blocked at: (322.07142857142856, 305)
[2024-10-08 23:44:25.447] [file_logger] [warning] Path blocked at: (207.1904761904762, 202.85714285714286)
[2024-10-08 23:44:25.447] [file_logger] [warning] Path blocked at: (289.61386138613864, 301.34653465346537)
[2024-10-08 23:44:25.447] [file_logger] [warning] Path blocked at: (274.93548387096774, 306.1612903225806)
[2024-10-08 23:44:25.447] [file_logger] [warning] Path blocked at: (252.8048780487805, 300.6829268292683)
[2024-10-08 23:44:25.447] [file_logger] [warning] Path blocked at: (204.88888888888889, 206.2962962962963)
[2024-10-08 23:44:25.447] [file_logger] [info] Thread 0: Added point 6 at (102, 219)
[2024-10-08 23:44:25.447] [file_logger] [warning] Path blocked at: (205.05797101449275, 300.768115942029)
[2024-10-08 23:44:25.447] [file_logger] [warning] Path blocked at: (205.2, 367.08)
[2024-10-08 23:44:25.447] [file_logger] [info] Thread 0: Added point 7 at (155, 12)
[2024-10-08 23:44:25.447] [file_logger] [warning] Path blocked at: (263.1627906976744, 301.8837209302326)
[2024-10-08 23:44:25.447] [file_logger] [warning] Path blocked at: (608.7627118644068, 113.35593220338983)
[2024-10-08 23:44:25.447] [file_logger] [warning] Path blocked at: (228.375, 300.9375)
[2024-10-08 23:44:25.447] [file_logger] [warning] Path blocked at: (249.6138613861386, 303.66336633663366)
[2024-10-08 23:44:25.447] [file_logger] [warning] Path blocked at: (252.44086021505376, 300.16129032258067)
[2024-10-08 23:44:25.447] [file_logger] [info] Thread 0: Added point 8 at (111, 268)
[2024-10-08 23:44:25.447] [file_logger] [info] Thread 0: Added point 9 at (204, 17)
[2024-10-08 23:44:25.447] [file_logger] [warning] Path blocked at: (606.3466666666666, 113.75999999999999)
[2024-10-08 23:44:25.447] [file_logger] [warning] Path blocked at: (201.36559139784947, 331.16129032258067)
[2024-10-08 23:44:25.447] [file_logger] [warning] Path blocked at: (241.390243902439, 507.70731707317077)
[2024-10-08 23:44:25.447] [file_logger] [info] Thread 0: Added point 10 at (118, 317)
[2024-10-08 23:44:25.447] [file_logger] [warning] Path blocked at: (202.33333333333334, 389.875)
[2024-10-08 23:44:25.447] [file_logger] [warning] Path blocked at: (375.9047619047619, 100.6904761904762)
[2024-10-08 23:44:25.447] [file_logger] [warning] Path blocked at: (201.6883116883117, 352.64935064935065)
[2024-10-08 23:44:25.447] [file_logger] [warning] Path blocked at: (618.3582089552239, 100.3731343283582)
[2024-10-08 23:44:25.447] [file_logger] [info] Thread 0: Added point 11 at (160, 262)
[2024-10-08 23:44:25.447] [file_logger] [warning] Path blocked at: (204.4230769230769, 508.4230769230769)
[2024-10-08 23:44:25.447] [file_logger] [info] Thread 0: Added point 12 at (209, 258)
[2024-10-08 23:44:25.447] [file_logger] [warning] Path blocked at: (259.83333333333337, 506.75)
[2024-10-08 23:44:25.447] [file_logger] [warning] Path blocked at: (201.8490566037736, 756.1698113207548)
[2024-10-08 23:44:25.447] [file_logger] [info] Thread 0: Added point 13 at (251, 31)
[2024-10-08 23:44:25.447] [file_logger] [warning] Path blocked at: (216.56451612903226, 506)
[2024-10-08 23:44:25.447] [file_logger] [warning] Path blocked at: (261.61290322580646, 306.7741935483871)
[2024-10-08 23:44:25.447] [file_logger] [warning] Path blocked at: (275.7555555555556, 303.15555555555557)
[2024-10-08 23:44:25.447] [file_logger] [info] Thread 0: Added point 14 at (258, 263)
[2024-10-08 23:44:25.447] [file_logger] [info] Thread 0: Added point 15 at (300, 38)
[2024-10-08 23:44:25.447] [file_logger] [warning] Path blocked at: (291.7323943661972, 300.32394366197184)
[2024-10-08 23:44:25.447] [file_logger] [warning] Path blocked at: (608, 305.77777777777777)
[2024-10-08 23:44:25.447] [file_logger] [warning] Path blocked at: (329.2631578947368, 300.57894736842104)
[2024-10-08 23:44:25.447] [file_logger] [info] Thread 0: Added point 16 at (149, 355)
[2024-10-08 23:44:25.447] [file_logger] [info] Thread 0: Added point 17 at (135, 237)
[2024-10-08 23:44:25.447] [file_logger] [info] Thread 0: Added point 18 at (179, 394)
[2024-10-08 23:44:25.447] [file_logger] [warning] Path blocked at: (608.7272727272727, 348.0909090909091)
[2024-10-08 23:44:25.447] [file_logger] [warning] Path blocked at: (317.5, 301.5945945945946)
[2024-10-08 23:44:25.447] [file_logger] [warning] Path blocked at: (339, 302.44117647058823)
[2024-10-08 23:44:25.447] [file_logger] [warning] Path blocked at: (311.9090909090909, 501.92424242424244)
[2024-10-08 23:44:25.447] [file_logger] [warning] Path blocked at: (351.9024390243902, 302.2682926829268)
[2024-10-08 23:44:25.447] [file_logger] [warning] Path blocked at: (327.48148148148147, 304.77777777777777)
[2024-10-08 23:44:25.447] [file_logger] [info] Thread 0: Added point 19 at (349, 41)
[2024-10-08 23:44:25.447] [file_logger] [warning] Path blocked at: (316.64864864864865, 304.43243243243245)
[2024-10-08 23:44:25.447] [file_logger] [warning] Path blocked at: (204.6304347826087, 409.94565217391306)
[2024-10-08 23:44:25.448] [file_logger] [warning] Path blocked at: (351, 503.6)
[2024-10-08 23:44:25.448] [file_logger] [warning] Path blocked at: (312.9183673469388, 501.55102040816325)
[2024-10-08 23:44:25.448] [file_logger] [warning] Path blocked at: (277, 109)
[2024-10-08 23:44:25.448] [file_logger] [info] Thread 0: Added point 20 at (394, 61)
[2024-10-08 23:44:25.448] [file_logger] [warning] Path blocked at: (715.7391304347825, 301.5797101449275)
[2024-10-08 23:44:25.448] [file_logger] [warning] Path blocked at: (206.22222222222223, 407.8333333333333)
[2024-10-08 23:44:25.448] [file_logger] [warning] Path blocked at: (291.6666666666667, 302.6666666666667)
[2024-10-08 23:44:25.448] [file_logger] [warning] Path blocked at: (607.6363636363636, 192.43939393939394)
[2024-10-08 23:44:25.448] [file_logger] [warning] Path blocked at: (200.75, 700)
[2024-10-08 23:44:25.448] [file_logger] [warning] Path blocked at: (717.6923076923076, 305.9230769230769)
[2024-10-08 23:44:25.448] [file_logger] [warning] Path blocked at: (207.2, 405)
[2024-10-08 23:44:25.448] [file_logger] [warning] Path blocked at: (312.2375, 501.3125)
[2024-10-08 23:44:25.448] [file_logger] [info] Thread 0: Added point 21 at (61, 164)
[2024-10-08 23:44:25.448] [file_logger] [info] Thread 0: Added point 22 at (169, 443)
[2024-10-08 23:44:25.448] [file_logger] [warning] Path blocked at: (320.1764705882353, 300.47058823529414)
[2024-10-08 23:44:25.448] [file_logger] [warning] Path blocked at: (203.46153846153845, 504.9230769230769)
[2024-10-08 23:44:25.448] [file_logger] [warning] Path blocked at: (606.551724137931, 154.18965517241378)
[2024-10-08 23:44:25.448] [file_logger] [info] Thread 0: Added point 23 at (434, 91)
[2024-10-08 23:44:25.448] [file_logger] [warning] Path blocked at: (206.75, 378.625)
[2024-10-08 23:44:25.448] [file_logger] [warning] Path blocked at: (235.54545454545456, 503.8181818181818)
[2024-10-08 23:44:25.448] [file_logger] [warning] Path blocked at: (204.3181818181818, 505.04545454545456)
[2024-10-08 23:44:25.448] [file_logger] [warning] Path blocked at: (604.4166666666667, 197.25)
[2024-10-08 23:44:25.448] [file_logger] [info] Thread 0: Added point 24 at (131, 475)
[2024-10-08 23:44:25.448] [file_logger] [warning] Path blocked at: (603.9444444444445, 179.66666666666669)
[2024-10-08 23:44:25.448] [file_logger] [warning] Path blocked at: (262.5, 505.5625)
[2024-10-08 23:44:25.448] [file_logger] [info] Thread 0: Added point 25 at (306, 251)
[2024-10-08 23:44:25.448] [file_logger] [info] Thread 0: Added point 26 at (218, 452)
[2024-10-08 23:44:25.448] [file_logger] [warning] Path blocked at: (317, 500.8888888888889)
[2024-10-08 23:44:25.448] [file_logger] [warning] Path blocked at: (391, 304.84615384615387)
[2024-10-08 23:44:25.448] [file_logger] [warning] Path blocked at: (361.31081081081084, 501.2567567567568)
[2024-10-08 23:44:25.448] [file_logger] [info] Thread 0: Added point 27 at (120, 523)
[2024-10-08 23:44:25.448] [file_logger] [warning] Path blocked at: (282.5970149253731, 500.5970149253731)
[2024-10-08 23:44:25.448] [file_logger] [warning] Path blocked at: (715.2280701754386, 302.8421052631579)
[2024-10-08 23:44:25.448] [file_logger] [warning] Path blocked at: (266.6792452830189, 704.3962264150944)
[2024-10-08 23:44:25.448] [file_logger] [info] Thread 0: Added point 28 at (265, 468)
[2024-10-08 23:44:25.448] [file_logger] [info] Thread 0: Added point 29 at (314, 461)
[2024-10-08 23:44:25.448] [file_logger] [warning] Path blocked at: (359, 500.75)
[2024-10-08 23:44:25.448] [file_logger] [warning] Path blocked at: (606.5, 175.5)
[2024-10-08 23:44:25.448] [file_logger] [warning] Path blocked at: (601.3513513513514, 169.32432432432432)
[2024-10-08 23:44:25.448] [file_logger] [warning] Path blocked at: (358.7142857142857, 501.14285714285717)
[2024-10-08 23:44:25.448] [file_logger] [info] Thread 0: Added point 30 at (111, 572)
[2024-10-08 23:44:25.448] [file_logger] [info] Thread 0: Added point 31 at (357, 436)
[2024-10-08 23:44:25.448] [file_logger] [warning] Path blocked at: (288.77777777777777, 203.22222222222223)
[2024-10-08 23:44:25.448] [file_logger] [warning] Path blocked at: (602.6944444444445, 590.6666666666666)
[2024-10-08 23:44:25.448] [file_logger] [warning] Path blocked at: (727, 501.6938775510204)
[2024-10-08 23:44:25.448] [file_logger] [info] Thread 0: Added point 32 at (482, 78)
[2024-10-08 23:44:25.448] [file_logger] [info] Thread 0: Added point 33 at (63, 588)
[2024-10-08 23:44:25.448] [file_logger] [warning] Path blocked at: (203.5, 732)
[2024-10-08 23:44:25.448] [file_logger] [warning] Path blocked at: (408.8095238095238, 500.3809523809524)
[2024-10-08 23:44:25.448] [file_logger] [warning] Path blocked at: (720.409090909091, 704.6363636363636)
[2024-10-08 23:44:25.448] [file_logger] [warning] Path blocked at: (394.6470588235294, 507.6862745098039)
[2024-10-08 23:44:25.448] [file_logger] [info] Thread 0: Added point 34 at (70, 637)
[2024-10-08 23:44:25.448] [file_logger] [info] Thread 0: Added point 35 at (452, 137)
[2024-10-08 23:44:25.448] [file_logger] [info] Thread 0: Added point 36 at (495, 161)
[2024-10-08 23:44:25.448] [file_logger] [warning] Path blocked at: (203.8181818181818, 733)
[2024-10-08 23:44:25.448] [file_logger] [warning] Path blocked at: (715.0923076923077, 701.3538461538461)
[2024-10-08 23:44:25.448] [file_logger] [warning] Path blocked at: (336.77777777777777, 506)
[2024-10-08 23:44:25.448] [file_logger] [warning] Path blocked at: (401, 104.5)
[2024-10-08 23:44:25.448] [file_logger] [info] Thread 0: Added point 37 at (389, 473)
[2024-10-08 23:44:25.448] [file_logger] [warning] Path blocked at: (600.3636363636364, 606.7121212121212)
[2024-10-08 23:44:25.448] [file_logger] [info] Thread 0: Added point 38 at (508, 209)
[2024-10-08 23:44:25.448] [file_logger] [info] Thread 0: Added point 39 at (17, 566)
[2024-10-08 23:44:25.448] [file_logger] [warning] Path blocked at: (267.7142857142857, 304.14285714285717)
[2024-10-08 23:44:25.448] [file_logger] [warning] Path blocked at: (607.0952380952381, 143.1904761904762)
[2024-10-08 23:44:25.448] [file_logger] [info] Thread 0: Added point 40 at (524, 256)
[2024-10-08 23:44:25.448] [file_logger] [info] Thread 0: Added point 41 at (85, 684)
[2024-10-08 23:44:25.448] [file_logger] [warning] Path blocked at: (600.8275862068965, 128.75862068965517)
[2024-10-08 23:44:25.448] [file_logger] [warning] Path blocked at: (381.2857142857143, 502.57142857142856)
[2024-10-08 23:44:25.448] [file_logger] [info] Thread 0: Added point 42 at (131, 703)
[2024-10-08 23:44:25.448] [file_logger] [info] Thread 0: Added point 43 at (427, 504)
[2024-10-08 23:44:25.448] [file_logger] [warning] Path blocked at: (600.0232558139535, 753.7674418604652)
[2024-10-08 23:44:25.448] [file_logger] [info] Thread 0: Added point 44 at (424, 445)
[2024-10-08 23:44:25.448] [file_logger] [warning] Path blocked at: (677.5915492957747, 705.0140845070423)
[2024-10-08 23:44:25.448] [file_logger] [warning] Path blocked at: (605.0277777777778, 742.4444444444445)
[2024-10-08 23:44:25.448] [file_logger] [info] Thread 0: Added point 45 at (95, 54)
[2024-10-08 23:44:25.448] [file_logger] [info] Thread 0: Added point 46 at (572, 243)
[2024-10-08 23:44:25.448] [file_logger] [warning] Path blocked at: (217.8, 304.4)
[2024-10-08 23:44:25.448] [file_logger] [warning] Path blocked at: (659.75, 209.25)
[2024-10-08 23:44:25.448] [file_logger] [warning] Path blocked at: (209.66666666666669, 722.5555555555555)
[2024-10-08 23:44:25.448] [file_logger] [warning] Path blocked at: (650.6792452830189, 305.8301886792453)
[2024-10-08 23:44:25.448] [file_logger] [info] Thread 0: Added point 47 at (465, 536)
[2024-10-08 23:44:25.448] [file_logger] [info] Thread 0: Added point 48 at (443, 581)
[2024-10-08 23:44:25.448] [file_logger] [warning] Path blocked at: (608.578947368421, 608)
[2024-10-08 23:44:25.448] [file_logger] [warning] Path blocked at: (775, 301)
[2024-10-08 23:44:25.448] [file_logger] [warning] Path blocked at: (629.0666666666667, 301.6666666666667)
[2024-10-08 23:44:25.448] [file_logger] [info] Thread 0: Added point 49 at (69, 328)
[2024-10-08 23:44:25.448] [file_logger] [info] Thread 0: Added point 50 at (464, 626)
[2024-10-08 23:44:25.448] [file_logger] [info] Thread 0: Added point 51 at (472, 675)
[2024-10-08 23:44:25.448] [file_logger] [info] Thread 0: Added point 52 at (521, 677)
[2024-10-08 23:44:25.448] [file_logger] [warning] Path blocked at: (378.8, 507.2)
[2024-10-08 23:44:25.448] [file_logger] [info] Thread 0: Added point 53 at (193, 217)
[2024-10-08 23:44:25.448] [file_logger] [warning] Path blocked at: (805.0512820512821, 607.8461538461538)
[2024-10-08 23:44:25.448] [file_logger] [info] Thread 0: Added point 54 at (570, 674)
[2024-10-08 23:44:25.448] [file_logger] [warning] Path blocked at: (605.5, 202)
[2024-10-08 23:44:25.448] [file_logger] [info] Thread 0: Added point 55 at (112, 749)
[2024-10-08 23:44:25.448] [file_logger] [info] Thread 0: Added point 56 at (576, 723)
[2024-10-08 23:44:25.448] [file_logger] [warning] Path blocked at: (696.3111111111111, 608.0444444444445)
[2024-10-08 23:44:25.448] [file_logger] [info] Thread 0: Added point 57 at (621, 251)
[2024-10-08 23:44:25.448] [file_logger] [info] Thread 0: Added point 58 at (670, 242)
[2024-10-08 23:44:25.448] [file_logger] [warning] Path blocked at: (604.2272727272727, 734.3181818181819)
[2024-10-08 23:44:25.448] [file_logger] [warning] Path blocked at: (403.5, 572)
[2024-10-08 23:44:25.448] [file_logger] [info] Thread 0: Added point 59 at (717, 257)
[2024-10-08 23:44:25.448] [file_logger] [warning] Path blocked at: (407.22222222222223, 767.8888888888889)
[2024-10-08 23:44:25.448] [file_logger] [warning] Path blocked at: (407.55555555555554, 752.7777777777778)
[2024-10-08 23:44:25.448] [file_logger] [warning] Path blocked at: (603.7647058823529, 753.8235294117648)
[2024-10-08 23:44:25.448] [file_logger] [info] Thread 0: Added point 60 at (763, 237)
[2024-10-08 23:44:25.448] [file_logger] [warning] Path blocked at: (776.0714285714286, 208.28571428571428)
[2024-10-08 23:44:25.448] [file_logger] [warning] Path blocked at: (606.8, 715.8)
[2024-10-08 23:44:25.448] [file_logger] [info] Thread 0: Added point 61 at (535, 752)
[2024-10-08 23:44:25.448] [file_logger] [info] Thread 0: Added point 62 at (232, 77)
[2024-10-08 23:44:25.448] [file_logger] [warning] Path blocked at: (600, 741.4883720930233)
[2024-10-08 23:44:25.448] [file_logger] [warning] Path blocked at: (217.66666666666666, 300.6666666666667)
[2024-10-08 23:44:25.449] [file_logger] [info] Thread 0: Added point 63 at (296, 444)
[2024-10-08 23:44:25.449] [file_logger] [info] Thread 0: Added point 64 at (247, 57)
[2024-10-08 23:44:25.449] [file_logger] [info] Thread 0: Added point 65 at (96, 536)
[2024-10-08 23:44:25.449] [file_logger] [info] Thread 0: Added point 66 at (531, 68)
[2024-10-08 23:44:25.449] [file_logger] [info] Thread 0: Added point 67 at (447, 718)
[2024-10-08 23:44:25.449] [file_logger] [warning] Path blocked at: (705.421052631579, 307.5263157894737)
[2024-10-08 23:44:25.449] [file_logger] [info] Thread 0: Added point 68 at (98, 797)
[2024-10-08 23:44:25.449] [file_logger] [info] Thread 0: Added point 69 at (445, 399)
[2024-10-08 23:44:25.449] [file_logger] [info] Thread 0: Added point 70 at (175, 679)
[2024-10-08 23:44:25.449] [file_logger] [info] Thread 0: Added point 71 at (812, 244)
[2024-10-08 23:44:25.449] [file_logger] [warning] Path blocked at: (406.5, 605.5)
[2024-10-08 23:44:25.449] [file_logger] [info] Thread 0: Added point 72 at (851, 274)
[2024-10-08 23:44:25.449] [file_logger] [warning] Path blocked at: (323, 302)
[2024-10-08 23:44:25.449] [file_logger] [info] Thread 0: Added point 73 at (131, 834)
[2024-10-08 23:44:25.449] [file_logger] [info] Thread 0: Added point 74 at (497, 108)
[2024-10-08 23:44:25.449] [file_logger] [info] Thread 0: Added point 75 at (833, 306)
[2024-10-08 23:44:25.449] [file_logger] [info] Thread 0: Added point 76 at (881, 234)
[2024-10-08 23:44:25.449] [file_logger] [info] Thread 0: Added point 77 at (0, 596)
[2024-10-08 23:44:25.449] [file_logger] [warning] Path blocked at: (604.1818181818181, 753)
[2024-10-08 23:44:25.449] [file_logger] [info] Thread 0: Added point 78 at (577, 49)
[2024-10-08 23:44:25.449] [file_logger] [info] Thread 0: Added point 79 at (465, 235)
[2024-10-08 23:44:25.449] [file_logger] [info] Thread 0: Added point 80 at (868, 185)
[2024-10-08 23:44:25.449] [file_logger] [info] Thread 0: Added point 81 at (86, 856)
[2024-10-08 23:44:25.449] [file_logger] [info] Thread 0: Added point 82 at (277, 292)
[2024-10-08 23:44:25.449] [file_logger] [info] Thread 0: Added point 83 at (74, 904)
[2024-10-08 23:44:25.449] [file_logger] [info] Thread 0: Added point 84 at (844, 140)
[2024-10-08 23:44:25.449] [file_logger] [warning] Path blocked at: (229, 507)
[2024-10-08 23:44:25.449] [file_logger] [warning] Path blocked at: (406.8421052631579, 776.578947368421)
[2024-10-08 23:44:25.449] [file_logger] [info] Thread 0: Added point 85 at (80, 207)
[2024-10-08 23:44:25.449] [file_logger] [info] Thread 0: Added point 86 at (625, 35)
[2024-10-08 23:44:25.449] [file_logger] [info] Thread 0: Added point 87 at (461, 476)
[2024-10-08 23:44:25.449] [file_logger] [info] Thread 0: Added point 88 at (43, 120)
[2024-10-08 23:44:25.449] [file_logger] [info] Thread 0: Added point 89 at (891, 124)
[2024-10-08 23:44:25.449] [file_logger] [info] Thread 0: Added point 90 at (180, 840)
[2024-10-08 23:44:25.449] [file_logger] [info] Thread 0: Added point 91 at (70, 89)
[2024-10-08 23:44:25.449] [file_logger] [warning] Path blocked at: (602.2142857142857, 737.6428571428571)
[2024-10-08 23:44:25.449] [file_logger] [warning] Path blocked at: (807.9473684210526, 338)
[2024-10-08 23:44:25.449] [file_logger] [info] Thread 0: Added point 92 at (550, 229)
[2024-10-08 23:44:25.449] [file_logger] [info] Thread 0: Added point 93 at (447, 278)
[2024-10-08 23:44:25.449] [file_logger] [warning] Path blocked at: (281, 509)
[2024-10-08 23:44:25.449] [file_logger] [info] Thread 0: Added point 94 at (525, 801)
[2024-10-08 23:44:25.449] [file_logger] [info] Thread 0: Added point 95 at (415, 639)
[2024-10-08 23:44:25.449] [file_logger] [info] Thread 0: Added point 96 at (416, 291)
[2024-10-08 23:44:25.449] [file_logger] [warning] Path blocked at: (656.625, 605.9375)
[2024-10-08 23:44:25.449] [file_logger] [warning] Path blocked at: (606.6428571428571, 726.75)
[2024-10-08 23:44:25.449] [file_logger] [info] Thread 0: Added point 97 at (569, 824)
[2024-10-08 23:44:25.449] [file_logger] [info] Thread 0: Added point 98 at (510, 606)
[2024-10-08 23:44:25.449] [file_logger] [info] Thread 0: Added point 99 at (846, 354)
[2024-10-08 23:44:25.449] [file_logger] [info] Thread 0: Added point 100 at (52, 666)
[2024-10-08 23:44:25.449] [file_logger] [warning] Path blocked at: (808.8125, 387.4375)
[2024-10-08 23:44:25.449] [file_logger] [info] Thread 0: Added point 101 at (534, 639)
[2024-10-08 23:44:25.449] [file_logger] [warning] Path blocked at: (289.1538461538462, 809.5384615384615)
[2024-10-08 23:44:25.449] [file_logger] [info] Thread 0: Added point 102 at (230, 478)
[2024-10-08 23:44:25.449] [file_logger] [info] Thread 0: Added point 103 at (149, 218)
[2024-10-08 23:44:25.449] [file_logger] [info] Thread 0: Added point 104 at (317, 84)
[2024-10-08 23:44:25.450] [file_logger] [info] Thread 0: Added point 105 at (598, 864)
[2024-10-08 23:44:25.450] [file_logger] [info] Thread 0: Added point 106 at (642, 887)
[2024-10-08 23:44:25.450] [file_logger] [warning] Path blocked at: (773.6190476190476, 501.04761904761904)
[2024-10-08 23:44:25.450] [file_logger] [info] Thread 0: Added point 107 at (691, 895)
[2024-10-08 23:44:25.450] [file_logger] [info] Thread 0: Added point 108 at (203, 884)
[2024-10-08 23:44:25.450] [file_logger] [info] Thread 0: Added point 109 at (429, 764)
[2024-10-08 23:44:25.450] [file_logger] [info] Thread 0: Added point 110 at (369, 659)
[2024-10-08 23:44:25.450] [file_logger] [warning] Path blocked at: (399.6, 305.4)
[2024-10-08 23:44:25.450] [file_logger] [info] Thread 0: Added point 111 at (480, 194)
[2024-10-08 23:44:25.450] [file_logger] [info] Thread 0: Added point 112 at (509, 487)
[2024-10-08 23:44:25.450] [file_logger] [warning] Path blocked at: (279.90909090909093, 608.0909090909091)
[2024-10-08 23:44:25.450] [file_logger] [warning] Path blocked at: (629.5714285714286, 303.14285714285717)
[2024-10-08 23:44:25.450] [file_logger] [info] Thread 0: Added point 113 at (485, 832)
[2024-10-08 23:44:25.450] [file_logger] [info] Thread 0: Added point 114 at (244, 288)
[2024-10-08 23:44:25.450] [file_logger] [info] Thread 0: Added point 115 at (185, 95)
[2024-10-08 23:44:25.450] [file_logger] [info] Thread 0: Added point 116 at (163, 547)
[2024-10-08 23:44:25.450] [file_logger] [info] Thread 0: Added point 117 at (569, 904)
[2024-10-08 23:44:25.450] [file_logger] [info] Thread 0: Added point 118 at (894, 364)
[2024-10-08 23:44:25.450] [file_logger] [warning] Path blocked at: (201.66666666666666, 404.6666666666667)
[2024-10-08 23:44:25.450] [file_logger] [info] Thread 0: Added point 119 at (326, 26)
[2024-10-08 23:44:25.450] [file_logger] [warning] Path blocked at: (766.1, 505.3)
[2024-10-08 23:44:25.450] [file_logger] [info] Thread 0: Added point 120 at (917, 321)
[2024-10-08 23:44:25.450] [file_logger] [info] Thread 0: Added point 121 at (739, 882)
[2024-10-08 23:44:25.450] [file_logger] [info] Thread 0: Added point 122 at (56, 505)
[2024-10-08 23:44:25.450] [file_logger] [info] Thread 0: Added point 123 at (669, 927)
[2024-10-08 23:44:25.450] [file_logger] [info] Thread 0: Added point 124 at (251, 896)
[2024-10-08 23:44:25.450] [file_logger] [info] Thread 0: Added point 125 at (688, 945)
[2024-10-08 23:44:25.450] [file_logger] [warning] Path blocked at: (276, 408.8)
[2024-10-08 23:44:25.450] [file_logger] [info] Thread 0: Added point 126 at (784, 902)
[2024-10-08 23:44:25.450] [file_logger] [info] Thread 0: Added point 127 at (122, 915)
[2024-10-08 23:44:25.450] [file_logger] [warning] Path blocked at: (603.3333333333334, 165)
[2024-10-08 23:44:25.450] [file_logger] [info] Thread 0: Added point 128 at (815, 98)
[2024-10-08 23:44:25.450] [file_logger] [info] Thread 0: Added point 129 at (819, 396)
[2024-10-08 23:44:25.451] [file_logger] [warning] Path blocked at: (238.57142857142858, 507.57142857142856)
[2024-10-08 23:44:25.451] [file_logger] [info] Thread 0: Added point 130 at (797, 54)
[2024-10-08 23:44:25.451] [file_logger] [info] Thread 0: Added point 131 at (803, 856)
[2024-10-08 23:44:25.451] [file_logger] [info] Thread 0: Added point 132 at (58, 945)
[2024-10-08 23:44:25.451] [file_logger] [info] Thread 0: Added point 133 at (935, 391)
[2024-10-08 23:44:25.451] [file_logger] [info] Thread 0: Added point 134 at (820, 809)
[2024-10-08 23:44:25.451] [file_logger] [warning] Path blocked at: (405, 539)
[2024-10-08 23:44:25.451] [file_logger] [info] Thread 0: Added point 135 at (157, 949)
[2024-10-08 23:44:25.451] [file_logger] [warning] Path blocked at: (638.2222222222222, 105.77777777777777)
[2024-10-08 23:44:25.451] [file_logger] [info] Thread 0: Added point 136 at (906, 340)
[2024-10-08 23:44:25.451] [file_logger] [warning] Path blocked at: (606, 301.9090909090909)
[2024-10-08 23:44:25.451] [file_logger] [warning] Path blocked at: (803.9473684210526, 510.0526315789474)
[2024-10-08 23:44:25.451] [file_logger] [warning] Path blocked at: (803.6666666666666, 409.77777777777777)
[2024-10-08 23:44:25.451] [file_logger] [info] Thread 0: Added point 137 at (595, 767)
[2024-10-08 23:44:25.451] [file_logger] [warning] Path blocked at: (710.125, 809.375)
[2024-10-08 23:44:25.451] [file_logger] [warning] Path blocked at: (778, 208.8)
[2024-10-08 23:44:25.451] [file_logger] [info] Thread 0: Added point 138 at (802, 942)
[2024-10-08 23:44:25.451] [file_logger] [warning] Path blocked at: (338.5, 106.5)
[2024-10-08 23:44:25.451] [file_logger] [info] Thread 0: Added point 139 at (369, 84)
[2024-10-08 23:44:25.451] [file_logger] [info] Thread 0: Added point 140 at (459, 33)
[2024-10-08 23:44:25.451] [file_logger] [info] Thread 0: Added point 141 at (832, 760)
[2024-10-08 23:44:25.451] [file_logger] [info] Thread 0: Added point 142 at (136, 981)
[2024-10-08 23:44:25.451] [file_logger] [info] Thread 0: Added point 143 at (833, 443)
[2024-10-08 23:44:25.451] [file_logger] [info] Thread 0: Added point 144 at (596, 632)
[2024-10-08 23:44:25.451] [file_logger] [info] Thread 0: Added point 145 at (956, 436)
[2024-10-08 23:44:25.451] [file_logger] [info] Thread 0: Added point 146 at (285, 218)
[2024-10-08 23:44:25.452] [file_logger] [info] Thread 0: Added point 147 at (148, 605)
[2024-10-08 23:44:25.452] [file_logger] [info] Thread 0: Added point 148 at (850, 929)
[2024-10-08 23:44:25.452] [file_logger] [info] Thread 0: Added point 149 at (868, 820)
[2024-10-08 23:44:25.452] [file_logger] [info] Thread 0: Added point 150 at (539, 241)
[2024-10-08 23:44:25.452] [file_logger] [info] Thread 0: Added point 151 at (450, 219)
[2024-10-08 23:44:25.452] [file_logger] [info] Thread 0: Added point 152 at (864, 471)
[2024-10-08 23:44:25.452] [file_logger] [info] Thread 0: Added point 153 at (563, 32)
[2024-10-08 23:44:25.452] [file_logger] [info] Thread 0: Added point 154 at (29, 462)
[2024-10-08 23:44:25.452] [file_logger] [info] Thread 0: Added point 155 at (897, 944)
[2024-10-08 23:44:25.452] [file_logger] [info] Thread 0: Added point 156 at (939, 134)
[2024-10-08 23:44:25.452] [file_logger] [info] Thread 0: Added point 157 at (33, 518)
[2024-10-08 23:44:25.452] [file_logger] [warning] Path blocked at: (747.875, 608.5625)
[2024-10-08 23:44:25.452] [file_logger] [warning] Path blocked at: (660, 202.4)
[2024-10-08 23:44:25.452] [file_logger] [warning] Path blocked at: (791, 501.8)
[2024-10-08 23:44:25.452] [file_logger] [info] Thread 0: Added point 158 at (896, 851)
[2024-10-08 23:44:25.452] [file_logger] [info] Thread 0: Added point 159 at (537, 943)
[2024-10-08 23:44:25.452] [file_logger] [info] Thread 0: Added point 160 at (942, 833)
[2024-10-08 23:44:25.452] [file_logger] [warning] Path blocked at: (217, 207)
[2024-10-08 23:44:25.452] [file_logger] [warning] Path blocked at: (312, 405)
[2024-10-08 23:44:25.452] [file_logger] [info] Thread 0: Added point 161 at (383, 11)
[2024-10-08 23:44:25.453] [file_logger] [info] Thread 0: Added point 162 at (552, 511)
[2024-10-08 23:44:25.453] [file_logger] [warning] Path blocked at: (354, 606.2222222222222)
[2024-10-08 23:44:25.453] [file_logger] [warning] Path blocked at: (607, 704)
[2024-10-08 23:44:25.453] [file_logger] [warning] Path blocked at: (616.625, 609.875)
[2024-10-08 23:44:25.453] [file_logger] [info] Thread 0: Added point 163 at (239, 923)
[2024-10-08 23:44:25.453] [file_logger] [info] Thread 0: Added point 164 at (488, 931)
[2024-10-08 23:44:25.453] [file_logger] [warning] Path blocked at: (210, 809)
[2024-10-08 23:44:25.453] [file_logger] [warning] Path blocked at: (800.5714285714286, 797.5714285714286)
[2024-10-08 23:44:25.453] [file_logger] [info] Thread 0: Added point 165 at (17, 612)
[2024-10-08 23:44:25.453] [file_logger] [info] Thread 0: Added point 166 at (58, 312)
[2024-10-08 23:44:25.453] [file_logger] [info] Thread 0: Added point 167 at (783, 971)
[2024-10-08 23:44:25.453] [file_logger] [warning] Path blocked at: (712, 801)
[2024-10-08 23:44:25.453] [file_logger] [info] Thread 0: Added point 168 at (492, 383)
[2024-10-08 23:44:25.453] [file_logger] [info] Thread 0: Added point 169 at (39, 836)
[2024-10-08 23:44:25.453] [file_logger] [info] Thread 0: Added point 170 at (189, 54)
[2024-10-08 23:44:25.453] [file_logger] [info] Thread 0: Added point 171 at (958, 88)
[2024-10-08 23:44:25.453] [file_logger] [warning] Path blocked at: (341.4, 405.4)
[2024-10-08 23:44:25.453] [file_logger] [info] Thread 0: Added point 172 at (971, 171)
[2024-10-08 23:44:25.453] [file_logger] [info] Thread 0: Added point 173 at (38, 884)
[2024-10-08 23:44:25.453] [file_logger] [info] Thread 0: Added point 174 at (21, 795)
[2024-10-08 23:44:25.454] [file_logger] [info] Thread 0: Added point 175 at (74, 710)
[2024-10-08 23:44:25.454] [file_logger] [info] Thread 0: Added point 176 at (783, 450)
[2024-10-08 23:44:25.454] [file_logger] [info] Thread 0: Added point 177 at (844, 220)
[2024-10-08 23:44:25.454] [file_logger] [warning] Path blocked at: (803.5, 316)
[2024-10-08 23:44:25.454] [file_logger] [info] Thread 0: Added point 178 at (460, 687)
[2024-10-08 23:44:25.454] [file_logger] [info] Thread 0: Added point 179 at (810, 68)
[2024-10-08 23:44:25.454] [file_logger] [info] Thread 0: Added point 180 at (631, 909)
[2024-10-08 23:44:25.454] [file_logger] [warning] Path blocked at: (702, 409.5)
[2024-10-08 23:44:25.454] [file_logger] [info] Thread 0: Added point 181 at (354, 239)
[2024-10-08 23:44:25.454] [file_logger] [info] Thread 0: Added point 182 at (965, 333)
[2024-10-08 23:44:25.454] [file_logger] [warning] Path blocked at: (204.88888888888889, 806.2222222222222)
[2024-10-08 23:44:25.454] [file_logger] [info] Thread 0: Added point 183 at (612, 921)
[2024-10-08 23:44:25.454] [file_logger] [info] Thread 0: Added point 184 at (422, 700)
[2024-10-08 23:44:25.454] [file_logger] [info] Thread 0: Added point 185 at (735, 433)
[2024-10-08 23:44:25.454] [file_logger] [info] Thread 0: Added point 186 at (828, 39)
[2024-10-08 23:44:25.454] [file_logger] [warning] Path blocked at: (218.33333333333334, 804.1666666666666)
[2024-10-08 23:44:25.454] [file_logger] [info] Thread 0: Added point 187 at (759, 863)
[2024-10-08 23:44:25.454] [file_logger] [warning] Path blocked at: (803.75, 749)
[2024-10-08 23:44:25.454] [file_logger] [warning] Path blocked at: (731.2857142857143, 307.7142857142857)
[2024-10-08 23:44:25.455] [file_logger] [info] Thread 0: Added point 188 at (717, 918)
[2024-10-08 23:44:25.455] [file_logger] [info] Thread 0: Added point 189 at (269, 917)
[2024-10-08 23:44:25.455] [file_logger] [info] Thread 0: Added point 190 at (941, 967)
[2024-10-08 23:44:25.455] [file_logger] [info] Thread 0: Added point 191 at (858, 735)
[2024-10-08 23:44:25.455] [file_logger] [warning] Path blocked at: (613.5714285714286, 757.8571428571429)
[2024-10-08 23:44:25.455] [file_logger] [info] Thread 0: Added point 192 at (643, 646)
[2024-10-08 23:44:25.455] [file_logger] [info] Thread 0: Added point 193 at (14, 287)
[2024-10-08 23:44:25.455] [file_logger] [info] Thread 0: Added point 194 at (101, 361)
[2024-10-08 23:44:25.455] [file_logger] [info] Thread 0: Added point 195 at (979, 375)
[2024-10-08 23:44:25.456] [file_logger] [info] Thread 0: Added point 196 at (518, 979)
[2024-10-08 23:44:25.456] [file_logger] [info] Thread 0: Added point 197 at (875, 53)
[2024-10-08 23:44:25.456] [file_logger] [warning] Path blocked at: (613, 778.3333333333334)
[2024-10-08 23:44:25.456] [file_logger] [info] Thread 0: Added point 198 at (961, 361)
[2024-10-08 23:44:25.456] [file_logger] [info] Thread 0: Added point 199 at (692, 458)
[2024-10-08 23:44:25.456] [file_logger] [info] Thread 0: Added point 200 at (706, 296)
[2024-10-08 23:44:25.456] [file_logger] [info] Thread 0: Added point 201 at (308, 885)
[2024-10-08 23:44:25.456] [file_logger] [warning] Path blocked at: (388, 103)
[2024-10-08 23:44:25.456] [file_logger] [warning] Path blocked at: (401.85714285714283, 574.1428571428571)
[2024-10-08 23:44:25.456] [file_logger] [info] Thread 0: Added point 202 at (17, 688)
[2024-10-08 23:44:25.456] [file_logger] [warning] Path blocked at: (409, 777.3333333333334)
[2024-10-08 23:44:25.456] [file_logger] [info] Thread 0: Added point 203 at (984, 477)
[2024-10-08 23:44:25.456] [file_logger] [info] Thread 0: Added point 204 at (551, 110)
[2024-10-08 23:44:25.456] [file_logger] [info] Thread 0: Added point 205 at (190, 276)
[2024-10-08 23:44:25.457] [file_logger] [info] Thread 0: Added point 206 at (496, 851)
[2024-10-08 23:44:25.457] [file_logger] [info] Thread 0: Added point 207 at (469, 338)
[2024-10-08 23:44:25.457] [file_logger] [info] Thread 0: Added point 208 at (765, 946)
[2024-10-08 23:44:25.457] [file_logger] [warning] Path blocked at: (327.6666666666667, 703)
[2024-10-08 23:44:25.457] [file_logger] [info] Thread 0: Added point 209 at (133, 190)
[2024-10-08 23:44:25.457] [file_logger] [warning] Path blocked at: (703.6666666666666, 606.9166666666666)
[2024-10-08 23:44:25.457] [file_logger] [warning] Path blocked at: (282.6666666666667, 302.3333333333333)
[2024-10-08 23:44:25.457] [file_logger] [info] Thread 0: Added point 210 at (959, 520)
[2024-10-08 23:44:25.457] [file_logger] [warning] Path blocked at: (401, 306)
[2024-10-08 23:44:25.458] [file_logger] [info] Thread 0: Added point 211 at (978, 937)
[2024-10-08 23:44:25.458] [file_logger] [warning] Path blocked at: (637, 209)
[2024-10-08 23:44:25.458] [file_logger] [warning] Path blocked at: (703, 803.4444444444445)
[2024-10-08 23:44:25.458] [file_logger] [warning] Path blocked at: (205.14285714285714, 574.1428571428571)
[2024-10-08 23:44:25.458] [file_logger] [info] Thread 0: Added point 212 at (174, 231)
[2024-10-08 23:44:25.458] [file_logger] [info] Thread 0: Added point 213 at (204, 963)
[2024-10-08 23:44:25.458] [file_logger] [info] Thread 0: Added point 214 at (974, 567)
[2024-10-08 23:44:25.458] [file_logger] [info] Thread 0: Added point 215 at (690, 662)
[2024-10-08 23:44:25.458] [file_logger] [info] Thread 0: Added point 216 at (911, 504)
[2024-10-08 23:44:25.458] [file_logger] [warning] Path blocked at: (321.2857142857143, 104)
[2024-10-08 23:44:25.458] [file_logger] [info] Thread 0: Added point 217 at (215, 649)
[2024-10-08 23:44:25.458] [file_logger] [info] Thread 0: Added point 218 at (172, 0)
[2024-10-08 23:44:25.459] [file_logger] [info] Thread 0: Added point 219 at (941, 56)
[2024-10-08 23:44:25.459] [file_logger] [info] Thread 0: Added point 220 at (654, 425)
[2024-10-08 23:44:25.459] [file_logger] [warning] Path blocked at: (339.75, 406.75)
[2024-10-08 23:44:25.459] [file_logger] [warning] Path blocked at: (718, 407.5)
[2024-10-08 23:44:25.459] [file_logger] [info] Thread 0: Added point 221 at (818, 473)
[2024-10-08 23:44:25.459] [file_logger] [warning] Path blocked at: (408.42857142857144, 515.7142857142857)
[2024-10-08 23:44:25.459] [file_logger] [info] Thread 0: Added point 222 at (262, 632)
[2024-10-08 23:44:25.459] [file_logger] [info] Thread 0: Added point 223 at (350, 863)
[2024-10-08 23:44:25.459] [file_logger] [warning] Path blocked at: (377, 107.5)
[2024-10-08 23:44:25.459] [file_logger] [warning] Path blocked at: (667.7142857142857, 503.7142857142857)
[2024-10-08 23:44:25.459] [file_logger] [info] Thread 0: Added point 224 at (848, 485)
[2024-10-08 23:44:25.460] [file_logger] [info] Thread 0: Added point 225 at (548, 614)
[2024-10-08 23:44:25.460] [file_logger] [info] Thread 0: Added point 226 at (738, 649)
[2024-10-08 23:44:25.460] [file_logger] [info] Thread 0: Added point 227 at (458, 890)
[2024-10-08 23:44:25.460] [file_logger] [info] Thread 0: Added point 228 at (200, 664)
[2024-10-08 23:44:25.460] [file_logger] [info] Thread 0: Added point 229 at (362, 494)
[2024-10-08 23:44:25.460] [file_logger] [info] Thread 0: Added point 230 at (545, 301)
[2024-10-08 23:44:25.460] [file_logger] [info] Thread 0: Added point 231 at (955, 799)
[2024-10-08 23:44:25.461] [file_logger] [info] Thread 0: Added point 232 at (669, 471)
[2024-10-08 23:44:25.461] [file_logger] [warning] Path blocked at: (402, 714)
[2024-10-08 23:44:25.461] [file_logger] [info] Thread 0: Added point 233 at (30, 723)
[2024-10-08 23:44:25.461] [file_logger] [info] Thread 0: Added point 234 at (716, 843)
[2024-10-08 23:44:25.461] [file_logger] [info] Thread 0: Added point 235 at (908, 29)
[2024-10-08 23:44:25.461] [file_logger] [info] Thread 0: Added point 236 at (922, 488)
[2024-10-08 23:44:25.461] [file_logger] [warning] Path blocked at: (351.6, 512)
[2024-10-08 23:44:25.461] [file_logger] [info] Thread 0: Added point 237 at (173, 903)
[2024-10-08 23:44:25.461] [file_logger] [warning] Path blocked at: (305.85714285714283, 100.85714285714286)
[2024-10-08 23:44:25.461] [file_logger] [warning] Path blocked at: (402, 781)
[2024-10-08 23:44:25.461] [file_logger] [warning] Path blocked at: (684, 506)
[2024-10-08 23:44:25.461] [file_logger] [info] Thread 0: Added point 238 at (996, 553)
[2024-10-08 23:44:25.461] [file_logger] [info] Thread 0: Added point 239 at (186, 529)
[2024-10-08 23:44:25.462] [file_logger] [warning] Path blocked at: (803.5, 743)
[2024-10-08 23:44:25.462] [file_logger] [info] Thread 0: Added point 240 at (934, 924)
[2024-10-08 23:44:25.462] [file_logger] [info] Thread 0: Added point 241 at (568, 576)
[2024-10-08 23:44:25.462] [file_logger] [info] Thread 0: Added point 242 at (52, 67)
[2024-10-08 23:44:25.462] [file_logger] [info] Thread 0: Added point 243 at (15, 971)
[2024-10-08 23:44:25.462] [file_logger] [info] Thread 0: Added point 244 at (598, 493)
[2024-10-08 23:44:25.463] [file_logger] [info] Thread 0: Added point 245 at (477, 293)
[2024-10-08 23:44:25.463] [file_logger] [warning] Path blocked at: (204.2, 138.2)
[2024-10-08 23:44:25.463] [file_logger] [info] Thread 0: Added point 246 at (757, 22)
[2024-10-08 23:44:25.463] [file_logger] [warning] Path blocked at: (395, 305)
[2024-10-08 23:44:25.463] [file_logger] [warning] Path blocked at: (720.125, 506.125)
[2024-10-08 23:44:25.463] [file_logger] [info] Thread 0: Added point 247 at (928, 272)
[2024-10-08 23:44:25.463] [file_logger] [info] Thread 0: Added point 248 at (870, 959)
[2024-10-08 23:44:25.463] [file_logger] [warning] Path blocked at: (605.6666666666666, 749.6666666666666)
[2024-10-08 23:44:25.464] [file_logger] [info] Thread 0: Added point 249 at (115, 968)
[2024-10-08 23:44:25.464] [file_logger] [info] Thread 0: Added point 250 at (154, 652)
[2024-10-08 23:44:25.464] [file_logger] [info] Thread 0: Added point 251 at (16, 919)
[2024-10-08 23:44:25.464] [file_logger] [info] Thread 0: Added point 252 at (515, 773)
[2024-10-08 23:44:25.464] [file_logger] [warning] Path blocked at: (231, 805.8)
[2024-10-08 23:44:25.464] [file_logger] [info] Thread 0: Added point 253 at (84, 456)
[2024-10-08 23:44:25.464] [file_logger] [warning] Path blocked at: (237.5, 310)
[2024-10-08 23:44:25.464] [file_logger] [info] Thread 0: Added point 254 at (484, 444)
[2024-10-08 23:44:25.464] [file_logger] [info] Thread 0: Added point 255 at (961, 393)
[2024-10-08 23:44:25.464] [file_logger] [info] Thread 0: Added point 256 at (636, 83)
[2024-10-08 23:44:25.465] [file_logger] [warning] Path blocked at: (690.8571428571429, 309.7142857142857)
[2024-10-08 23:44:25.465] [file_logger] [warning] Path blocked at: (206.33333333333334, 195.66666666666666)
[2024-10-08 23:44:25.465] [file_logger] [info] Thread 0: Added point 257 at (10, 415)
[2024-10-08 23:44:25.465] [file_logger] [info] Thread 0: Added point 258 at (180, 616)
[2024-10-08 23:44:25.465] [file_logger] [info] Thread 0: Added point 259 at (156, 512)
[2024-10-08 23:44:25.465] [file_logger] [info] Thread 0: Added point 260 at (33, 628)
[2024-10-08 23:44:25.465] [file_logger] [info] Thread 0: Added point 261 at (519, 399)
[2024-10-08 23:44:25.465] [file_logger] [info] Thread 0: Added point 262 at (652, 266)
[2024-10-08 23:44:25.466] [file_logger] [info] Thread 0: Added point 263 at (510, 726)
[2024-10-08 23:44:25.466] [file_logger] [info] Thread 0: Added point 264 at (973, 414)
[2024-10-08 23:44:25.466] [file_logger] [info] Thread 0: Added point 265 at (553, 268)
[2024-10-08 23:44:25.466] [file_logger] [warning] Path blocked at: (796.7142857142857, 107.14285714285714)
[2024-10-08 23:44:25.466] [file_logger] [info] Thread 0: Added point 266 at (328, 841)
[2024-10-08 23:44:25.466] [file_logger] [info] Thread 0: Added point 267 at (166, 107)
[2024-10-08 23:44:25.466] [file_logger] [warning] Path blocked at: (770, 404)
[2024-10-08 23:44:25.466] [file_logger] [info] Thread 0: Added point 268 at (496, 475)
[2024-10-08 23:44:25.466] [file_logger] [info] Thread 0: Added point 269 at (467, 750)
[2024-10-08 23:44:25.466] [file_logger] [info] Thread 0: Added point 270 at (869, 686)
[2024-10-08 23:44:25.466] [file_logger] [warning] Path blocked at: (744.1428571428571, 201)
[2024-10-08 23:44:25.467] [file_logger] [info] Thread 0: Added point 271 at (973, 120)
[2024-10-08 23:44:25.467] [file_logger] [info] Thread 0: Added point 272 at (667, 66)
[2024-10-08 23:44:25.467] [file_logger] [info] Thread 0: Added point 273 at (250, 982)
[2024-10-08 23:44:25.467] [file_logger] [info] Thread 0: Added point 274 at (969, 751)
[2024-10-08 23:44:25.468] [file_logger] [warning] Path blocked at: (363, 106)
[2024-10-08 23:44:25.468] [file_logger] [info] Thread 0: Added point 275 at (628, 470)
[2024-10-08 23:44:25.468] [file_logger] [warning] Path blocked at: (637.2, 409.4)
[2024-10-08 23:44:25.468] [file_logger] [info] Thread 0: Added point 276 at (831, 336)
[2024-10-08 23:44:25.468] [file_logger] [info] Thread 0: Added point 277 at (961, 554)
[2024-10-08 23:44:25.468] [file_logger] [info] Thread 0: Added point 278 at (875, 290)
[2024-10-08 23:44:25.468] [file_logger] [info] Thread 0: Added point 279 at (916, 576)
[2024-10-08 23:44:25.468] [file_logger] [warning] Path blocked at: (654.8571428571429, 107)
[2024-10-08 23:44:25.469] [file_logger] [info] Thread 0: Added point 280 at (448, 961)
[2024-10-08 23:44:25.469] [file_logger] [warning] Path blocked at: (638.3333333333334, 408.6666666666667)
[2024-10-08 23:44:25.469] [file_logger] [info] Thread 0: Added point 281 at (542, 694)
[2024-10-08 23:44:25.469] [file_logger] [warning] Path blocked at: (702.3333333333334, 306.3333333333333)
[2024-10-08 23:44:25.469] [file_logger] [info] Thread 0: Added point 282 at (411, 908)
[2024-10-08 23:44:25.469] [file_logger] [warning] Path blocked at: (605.3333333333334, 763.3333333333334)
[2024-10-08 23:44:25.469] [file_logger] [info] Thread 0: Added point 283 at (886, 924)
[2024-10-08 23:44:25.469] [file_logger] [info] Thread 0: Added point 284 at (283, 971)
[2024-10-08 23:44:25.470] [file_logger] [info] Thread 0: Added point 285 at (443, 642)
[2024-10-08 23:44:25.470] [file_logger] [warning] Path blocked at: (768.5, 207.5)
[2024-10-08 23:44:25.470] [file_logger] [info] Thread 0: Added point 286 at (493, 574)
[2024-10-08 23:44:25.470] [file_logger] [warning] Path blocked at: (700, 803)
[2024-10-08 23:44:25.470] [file_logger] [info] Thread 0: Added point 287 at (518, 888)
[2024-10-08 23:44:25.470] [file_logger] [info] Thread 0: Added point 288 at (381, 948)
[2024-10-08 23:44:25.470] [file_logger] [warning] Path blocked at: (289.4, 309.6)
[2024-10-08 23:44:25.471] [file_logger] [warning] Path blocked at: (611, 500)
[2024-10-08 23:44:25.471] [file_logger] [warning] Path blocked at: (302, 202)
[2024-10-08 23:44:25.471] [file_logger] [warning] Path blocked at: (263, 209.5)
[2024-10-08 23:44:25.471] [file_logger] [info] Thread 0: Added point 289 at (777, 618)
[2024-10-08 23:44:25.471] [file_logger] [warning] Path blocked at: (615.5, 509.5)
[2024-10-08 23:44:25.471] [file_logger] [info] Thread 0: Added point 290 at (563, 746)
[2024-10-08 23:44:25.472] [file_logger] [warning] Path blocked at: (698, 408)
[2024-10-08 23:44:25.472] [file_logger] [info] Thread 0: Added point 291 at (617, 617)
[2024-10-08 23:44:25.472] [file_logger] [warning] Path blocked at: (636, 200)
[2024-10-08 23:44:25.472] [file_logger] [info] Thread 0: Added point 292 at (580, 134)
[2024-10-08 23:44:25.472] [file_logger] [info] Thread 0: Added point 293 at (907, 68)
[2024-10-08 23:44:25.472] [file_logger] [info] Thread 0: Added point 294 at (405, 488)
[2024-10-08 23:44:25.472] [file_logger] [info] Thread 0: Added point 295 at (891, 759)
[2024-10-08 23:44:25.473] [file_logger] [info] Thread 0: Added point 296 at (381, 211)
[2024-10-08 23:44:25.473] [file_logger] [info] Thread 0: Added point 297 at (955, 218)
[2024-10-08 23:44:25.473] [file_logger] [info] Thread 0: Added point 298 at (668, 978)
[2024-10-08 23:44:25.473] [file_logger] [info] Thread 0: Added point 299 at (69, 2)
[2024-10-08 23:44:25.473] [file_logger] [info] Thread 0: Added point 300 at (909, 424)
[2024-10-08 23:44:25.473] [file_logger] [info] Thread 0: Added point 301 at (187, 330)
[2024-10-08 23:44:25.473] [file_logger] [info] Thread 0: Added point 302 at (673, 817)
[2024-10-08 23:44:25.473] [file_logger] [warning] Path blocked at: (204.8, 539.4)
[2024-10-08 23:44:25.474] [file_logger] [info] Thread 0: Added point 303 at (776, 831)
[2024-10-08 23:44:25.474] [file_logger] [info] Thread 0: Added point 304 at (39, 341)
[2024-10-08 23:44:25.474] [file_logger] [info] Thread 0: Added point 305 at (549, 361)
[2024-10-08 23:44:25.474] [file_logger] [info] Thread 0: Added point 306 at (476, 709)
[2024-10-08 23:44:25.474] [file_logger] [info] Thread 0: Added point 307 at (31, 105)
[2024-10-08 23:44:25.474] [file_logger] [warning] Path blocked at: (753, 505.7142857142857)
[2024-10-08 23:44:25.475] [file_logger] [info] Thread 0: Added point 308 at (480, 990)
[2024-10-08 23:44:25.475] [file_logger] [info] Thread 0: Added point 309 at (493, 350)
[2024-10-08 23:44:25.475] [file_logger] [warning] Path blocked at: (305, 106)
[2024-10-08 23:44:25.475] [file_logger] [info] Thread 0: Added point 310 at (824, 507)
[2024-10-08 23:44:25.475] [file_logger] [warning] Path blocked at: (357.57142857142856, 504.14285714285717)
[2024-10-08 23:44:25.475] [file_logger] [info] Thread 0: Added point 311 at (138, 559)
[2024-10-08 23:44:25.475] [file_logger] [info] Thread 0: Added point 312 at (956, 585)
[2024-10-08 23:44:25.475] [file_logger] [info] Thread 0: Added point 313 at (62, 378)
[2024-10-08 23:44:25.475] [file_logger] [info] Thread 0: Added point 314 at (433, 380)
[2024-10-08 23:44:25.475] [file_logger] [info] Thread 0: Added point 315 at (389, 892)
[2024-10-08 23:44:25.476] [file_logger] [info] Thread 0: Added point 316 at (826, 609)
[2024-10-08 23:44:25.476] [file_logger] [warning] Path blocked at: (203.25, 557.5)
[2024-10-08 23:44:25.476] [file_logger] [info] Thread 0: Added point 317 at (42, 265)
[2024-10-08 23:44:25.476] [file_logger] [info] Thread 0: Added point 318 at (308, 612)
[2024-10-08 23:44:25.477] [file_logger] [warning] Path blocked at: (302, 807)
[2024-10-08 23:44:25.477] [file_logger] [info] Thread 0: Added point 319 at (43, 748)
[2024-10-08 23:44:25.477] [file_logger] [info] Thread 0: Added point 320 at (113, 690)
[2024-10-08 23:44:25.477] [file_logger] [info] Thread 0: Added point 321 at (869, 561)
[2024-10-08 23:44:25.477] [file_logger] [warning] Path blocked at: (691, 800.3333333333334)
[2024-10-08 23:44:25.477] [file_logger] [info] Thread 0: Added point 322 at (860, 628)
[2024-10-08 23:44:25.477] [file_logger] [info] Thread 0: Added point 323 at (450, 794)
[2024-10-08 23:44:25.477] [file_logger] [info] Thread 0: Added point 324 at (83, 621)
[2024-10-08 23:44:25.478] [file_logger] [info] Thread 0: Added point 325 at (672, 870)
[2024-10-08 23:44:25.478] [file_logger] [info] Thread 0: Added point 326 at (845, 748)
[2024-10-08 23:44:25.478] [file_logger] [info] Thread 0: Added point 327 at (4, 824)
[2024-10-08 23:44:25.479] [file_logger] [info] Thread 0: Added point 328 at (559, 628)
[2024-10-08 23:44:25.479] [file_logger] [info] Thread 0: Added point 329 at (203, 816)
[2024-10-08 23:44:25.479] [file_logger] [info] Thread 0: Added point 330 at (593, 433)
[2024-10-08 23:44:25.479] [file_logger] [info] Thread 0: Added point 331 at (83, 785)
[2024-10-08 23:44:25.479] [file_logger] [info] Thread 0: Added point 332 at (434, 173)
[2024-10-08 23:44:25.479] [file_logger] [info] Thread 0: Added point 333 at (162, 858)
[2024-10-08 23:44:25.480] [file_logger] [warning] Path blocked at: (202, 543.8)
[2024-10-08 23:44:25.480] [file_logger] [info] Thread 0: Added point 334 at (996, 900)
[2024-10-08 23:44:25.480] [file_logger] [info] Thread 0: Added point 335 at (820, 889)
[2024-10-08 23:44:25.480] [file_logger] [info] Thread 0: Added point 336 at (967, 234)
[2024-10-08 23:44:25.481] [file_logger] [info] Thread 0: Added point 337 at (847, 854)
[2024-10-08 23:44:25.481] [file_logger] [info] Thread 0: Added point 338 at (773, 668)
[2024-10-08 23:44:25.481] [file_logger] [warning] Path blocked at: (407.75, 760.25)
[2024-10-08 23:44:25.481] [file_logger] [info] Thread 0: Added point 339 at (283, 677)
[2024-10-08 23:44:25.482] [file_logger] [info] Thread 0: Added point 340 at (239, 876)
[2024-10-08 23:44:25.482] [file_logger] [info] Thread 0: Added point 341 at (895, 536)
[2024-10-08 23:44:25.482] [file_logger] [warning] Path blocked at: (324, 593)
[2024-10-08 23:44:25.482] [file_logger] [info] Thread 0: Added point 342 at (918, 155)
[2024-10-08 23:44:25.482] [file_logger] [info] Thread 0: Added point 343 at (955, 150)
[2024-10-08 23:44:25.482] [file_logger] [warning] Path blocked at: (200, 553)
[2024-10-08 23:44:25.482] [file_logger] [info] Thread 0: Added point 344 at (679, 412)
[2024-10-08 23:44:25.483] [file_logger] [info] Thread 0: Added point 345 at (490, 265)
[2024-10-08 23:44:25.483] [file_logger] [info] Thread 0: Added point 346 at (830, 715)
[2024-10-08 23:44:25.483] [file_logger] [info] Thread 0: Added point 347 at (22, 25)
[2024-10-08 23:44:25.483] [file_logger] [info] Thread 0: Added point 348 at (899, 809)
[2024-10-08 23:44:25.483] [file_logger] [info] Thread 0: Added point 349 at (974, 999)
[2024-10-08 23:44:25.484] [file_logger] [info] Thread 0: Added point 350 at (193, 605)
[2024-10-08 23:44:25.484] [file_logger] [info] Thread 0: Added point 351 at (590, 707)
[2024-10-08 23:44:25.484] [file_logger] [warning] Path blocked at: (803, 349)
[2024-10-08 23:44:25.484] [file_logger] [info] Thread 0: Added point 352 at (223, 683)
[2024-10-08 23:44:25.484] [file_logger] [warning] Path blocked at: (760.5, 407.5)
[2024-10-08 23:44:25.484] [file_logger] [warning] Path blocked at: (345.5, 510.5)
[2024-10-08 23:44:25.484] [file_logger] [info] Thread 0: Added point 353 at (172, 23)
[2024-10-08 23:44:25.485] [file_logger] [info] Thread 0: Added point 354 at (560, 163)
[2024-10-08 23:44:25.485] [file_logger] [info] Thread 0: Added point 355 at (279, 872)
[2024-10-08 23:44:25.485] [file_logger] [warning] Path blocked at: (223, 804)
[2024-10-08 23:44:25.485] [file_logger] [info] Thread 0: Added point 356 at (958, 285)
[2024-10-08 23:44:25.485] [file_logger] [info] Thread 0: Added point 357 at (849, 428)
[2024-10-08 23:44:25.485] [file_logger] [warning] Path blocked at: (298.4, 594.4)
[2024-10-08 23:44:25.485] [file_logger] [info] Thread 0: Added point 358 at (451, 557)
[2024-10-08 23:44:25.485] [file_logger] [info] Thread 0: Added point 359 at (397, 417)
[2024-10-08 23:44:25.486] [file_logger] [info] Thread 0: Added point 360 at (731, 906)
[2024-10-08 23:44:25.486] [file_logger] [info] Thread 0: Added point 361 at (873, 95)
[2024-10-08 23:44:25.486] [file_logger] [warning] Path blocked at: (206.8, 539.8)
[2024-10-08 23:44:25.486] [file_logger] [info] Thread 0: Added point 362 at (585, 196)
[2024-10-08 23:44:25.486] [file_logger] [info] Thread 0: Added point 363 at (58, 423)
[2024-10-08 23:44:25.486] [file_logger] [warning] Path blocked at: (394, 204)
[2024-10-08 23:44:25.487] [file_logger] [warning] Path blocked at: (804, 511.3333333333333)
[2024-10-08 23:44:25.487] [file_logger] [info] Thread 0: Added point 364 at (45, 94)
[2024-10-08 23:44:25.487] [file_logger] [info] Thread 0: Added point 365 at (68, 771)
[2024-10-08 23:44:25.487] [file_logger] [info] Thread 0: Added point 366 at (72, 40)
[2024-10-08 23:44:25.487] [file_logger] [info] Thread 0: Added point 367 at (545, 20)
[2024-10-08 23:44:25.487] [file_logger] [info] Thread 0: Added point 368 at (557, 855)
[2024-10-08 23:44:25.488] [file_logger] [info] Thread 0: Added point 369 at (242, 424)
[2024-10-08 23:44:25.488] [file_logger] [info] Thread 0: Added point 370 at (663, 629)
[2024-10-08 23:44:25.488] [file_logger] [info] Thread 0: Added point 371 at (179, 495)
[2024-10-08 23:44:25.488] [file_logger] [info] Thread 0: Added point 372 at (963, 951)
[2024-10-08 23:44:25.488] [file_logger] [info] Thread 0: Target reached!
[2024-10-08 23:44:25.488] [file_logger] [info] Thread 0: Notified all threads
[2024-10-08 23:44:25.488] [file_logger] [info] RRT completed in 41 milliseconds.
