[2024-10-08 23:44:25.409] [file_logger] [info] Logger initialized and ready to log.
[2024-10-08 23:44:25.409] [file_logger] [info] Initializing Setup...
[2024-10-08 23:44:25.409] [file_logger] [info] Setup complete.
[2024-10-08 23:44:25.409] [file_logger] [info] Obstacle added with top-left: (200, 100), bottom-right: (400, 200)
[2024-10-08 23:44:25.409] [file_logger] [info] Obstacle added with top-left: (200, 300), bottom-right: (400, 400)
[2024-10-08 23:44:25.409] [file_logger] [info] Obstacle added with top-left: (200, 500), bottom-right: (400, 600)
[2024-10-08 23:44:25.409] [file_logger] [info] Obstacle added with top-left: (200, 700), bottom-right: (400, 800)
[2024-10-08 23:44:25.409] [file_logger] [info] Obstacle added with top-left: (600, 100), bottom-right: (800, 200)
[2024-10-08 23:44:25.409] [file_logger] [info] Obstacle added with top-left: (600, 300), bottom-right: (800, 400)
[2024-10-08 23:44:25.409] [file_logger] [info] Obstacle added with top-left: (600, 500), bottom-right: (800, 600)
[2024-10-08 23:44:25.409] [file_logger] [info] Obstacle added with top-left: (600, 700), bottom-right: (800, 800)
[2024-10-08 23:44:25.410] [file_logger] [info] Thread 0: Added point 1 at (14, 59)
[2024-10-08 23:44:25.410] [file_logger] [warning] Path blocked at: (202.1290322580645, 759.6451612903226)
[2024-10-08 23:44:25.410] [file_logger] [info] Thread 0: Added point 2 at (16, 108)
[2024-10-08 23:44:25.410] [file_logger] [info] Thread 0: Added point 3 at (19, 157)
[2024-10-08 23:44:25.410] [file_logger] [info] Thread 0: Added point 4 at (65, 105)
[2024-10-08 23:44:25.410] [file_logger] [warning] Path blocked at: (201.49056603773585, 316.8490566037736)
[2024-10-08 23:44:25.410] [file_logger] [info] Thread 0: Added point 5 at (30, 205)
[2024-10-08 23:44:25.410] [file_logger] [warning] Path blocked at: (203.08235294117648, 371.3058823529412)
[2024-10-08 23:44:25.410] [file_logger] [warning] Path blocked at: (203.55555555555557, 343.66666666666663)
[2024-10-08 23:44:25.410] [file_logger] [warning] Path blocked at: (204.12345679012347, 578.5555555555555)
[2024-10-08 23:44:25.410] [file_logger] [info] Thread 0: Added point 6 at (113, 94)
[2024-10-08 23:44:25.410] [file_logger] [warning] Path blocked at: (246.82000000000002, 506.92)
[2024-10-08 23:44:25.410] [file_logger] [warning] Path blocked at: (253.90721649484536, 503.6701030927835)
[2024-10-08 23:44:25.410] [file_logger] [warning] Path blocked at: (207.97014925373134, 339.29850746268653)
[2024-10-08 23:44:25.410] [file_logger] [warning] Path blocked at: (202.2622950819672, 538)
[2024-10-08 23:44:25.410] [file_logger] [info] Thread 0: Added point 7 at (155, 67)
[2024-10-08 23:44:25.410] [file_logger] [warning] Path blocked at: (260.2857142857143, 103.14285714285714)
[2024-10-08 23:44:25.410] [file_logger] [warning] Path blocked at: (204.56521739130434, 102.21739130434783)
[2024-10-08 23:44:25.410] [file_logger] [warning] Path blocked at: (604.4078947368421, 125.02631578947368)
[2024-10-08 23:44:25.410] [file_logger] [info] Thread 0: Added point 8 at (60, 244)
[2024-10-08 23:44:25.410] [file_logger] [warning] Path blocked at: (204.47169811320754, 371.9811320754717)
[2024-10-08 23:44:25.410] [file_logger] [warning] Path blocked at: (246.72527472527472, 505.97802197802196)
[2024-10-08 23:44:25.410] [file_logger] [warning] Path blocked at: (280.66666666666663, 102.35087719298247)
[2024-10-08 23:44:25.410] [file_logger] [warning] Path blocked at: (238.14285714285714, 101.60714285714286)
[2024-10-08 23:44:25.410] [file_logger] [warning] Path blocked at: (205.52830188679246, 352.6792452830189)
[2024-10-08 23:44:25.410] [file_logger] [warning] Path blocked at: (200.8695652173913, 387.47826086956525)
[2024-10-08 23:44:25.410] [file_logger] [info] Thread 0: Added point 9 at (58, 293)
[2024-10-08 23:44:25.410] [file_logger] [warning] Path blocked at: (608.8571428571429, 112.64285714285714)
[2024-10-08 23:44:25.410] [file_logger] [warning] Path blocked at: (207.52727272727273, 353.5090909090909)
[2024-10-08 23:44:25.410] [file_logger] [warning] Path blocked at: (200.45454545454544, 108.63636363636364)
[2024-10-08 23:44:25.410] [file_logger] [warning] Path blocked at: (249, 103.44444444444444)
[2024-10-08 23:44:25.410] [file_logger] [warning] Path blocked at: (203.84615384615384, 330.61538461538464)
[2024-10-08 23:44:25.410] [file_logger] [warning] Path blocked at: (302, 100)
[2024-10-08 23:44:25.410] [file_logger] [warning] Path blocked at: (210.40579710144928, 706.8550724637681)
[2024-10-08 23:44:25.410] [file_logger] [warning] Path blocked at: (260.1470588235294, 100.48529411764706)
[2024-10-08 23:44:25.410] [file_logger] [info] Thread 0: Added point 10 at (66, 342)
[2024-10-08 23:44:25.410] [file_logger] [warning] Path blocked at: (310.16129032258067, 501.6559139784946)
[2024-10-08 23:44:25.410] [file_logger] [warning] Path blocked at: (270.8620689655172, 100.65517241379311)
[2024-10-08 23:44:25.410] [file_logger] [info] Thread 0: Added point 11 at (109, 366)
[2024-10-08 23:44:25.410] [file_logger] [warning] Path blocked at: (299.63461538461536, 502.2307692307692)
[2024-10-08 23:44:25.410] [file_logger] [warning] Path blocked at: (240.24615384615385, 505.7230769230769)
[2024-10-08 23:44:25.410] [file_logger] [info] Thread 0: Added point 12 at (153, 387)
[2024-10-08 23:44:25.410] [file_logger] [info] Thread 0: Added point 13 at (148, 436)
[2024-10-08 23:44:25.410] [file_logger] [warning] Path blocked at: (201.26530612244898, 520.6938775510204)
[2024-10-08 23:44:25.410] [file_logger] [info] Thread 0: Added point 14 at (138, 485)
[2024-10-08 23:44:25.410] [file_logger] [warning] Path blocked at: (203.87179487179486, 510.4871794871795)
[2024-10-08 23:44:25.410] [file_logger] [warning] Path blocked at: (204.8181818181818, 548.2727272727273)
[2024-10-08 23:44:25.410] [file_logger] [warning] Path blocked at: (204.9047619047619, 382.95238095238096)
[2024-10-08 23:44:25.410] [file_logger] [info] Thread 0: Added point 15 at (143, 330)
[2024-10-08 23:44:25.410] [file_logger] [warning] Path blocked at: (203.64516129032256, 383.69354838709677)
[2024-10-08 23:44:25.410] [file_logger] [warning] Path blocked at: (605.8823529411765, 112.88235294117646)
[2024-10-08 23:44:25.410] [file_logger] [info] Thread 0: Added point 16 at (204, 64)
[2024-10-08 23:44:25.410] [file_logger] [warning] Path blocked at: (201.95454545454547, 549.9090909090909)
[2024-10-08 23:44:25.410] [file_logger] [warning] Path blocked at: (342.1578947368421, 100.47368421052632)
[2024-10-08 23:44:25.410] [file_logger] [warning] Path blocked at: (216.57142857142858, 102)
[2024-10-08 23:44:25.410] [file_logger] [warning] Path blocked at: (203, 391.1463414634146)
[2024-10-08 23:44:25.410] [file_logger] [warning] Path blocked at: (203.29411764705884, 380.52941176470586)
[2024-10-08 23:44:25.410] [file_logger] [warning] Path blocked at: (216.69767441860466, 501.37209302325584)
[2024-10-08 23:44:25.410] [file_logger] [warning] Path blocked at: (267.6363636363636, 104.72727272727272)
[2024-10-08 23:44:25.410] [file_logger] [warning] Path blocked at: (203.5263157894737, 562.6315789473684)
[2024-10-08 23:44:25.410] [file_logger] [info] Thread 0: Added point 17 at (150, 115)
[2024-10-08 23:44:25.410] [file_logger] [warning] Path blocked at: (206.0188679245283, 502.9622641509434)
[2024-10-08 23:44:25.410] [file_logger] [warning] Path blocked at: (204, 510.625)
[2024-10-08 23:44:25.410] [file_logger] [warning] Path blocked at: (203.75757575757575, 378.8181818181818)
[2024-10-08 23:44:25.410] [file_logger] [warning] Path blocked at: (349.5737704918033, 101.1311475409836)
[2024-10-08 23:44:25.410] [file_logger] [warning] Path blocked at: (204.21428571428572, 547.5178571428571)
[2024-10-08 23:44:25.410] [file_logger] [warning] Path blocked at: (207.234375, 500.75)
[2024-10-08 23:44:25.410] [file_logger] [warning] Path blocked at: (351.2448979591837, 100.73469387755102)
[2024-10-08 23:44:25.410] [file_logger] [warning] Path blocked at: (262.1538461538462, 103.84615384615384)
[2024-10-08 23:44:25.410] [file_logger] [warning] Path blocked at: (205.4390243902439, 505.6585365853658)
[2024-10-08 23:44:25.410] [file_logger] [info] Thread 0: Added point 18 at (130, 534)
[2024-10-08 23:44:25.410] [file_logger] [warning] Path blocked at: (202.64285714285714, 377.5952380952381)
[2024-10-08 23:44:25.410] [file_logger] [warning] Path blocked at: (200.15384615384613, 703.8461538461538)
[2024-10-08 23:44:25.410] [file_logger] [info] Thread 0: Added point 19 at (104, 576)
[2024-10-08 23:44:25.410] [file_logger] [warning] Path blocked at: (207.94871794871796, 552.4615384615385)
[2024-10-08 23:44:25.410] [file_logger] [info] Thread 0: Added point 20 at (196, 425)
[2024-10-08 23:44:25.410] [file_logger] [warning] Path blocked at: (244.86363636363637, 407.72727272727275)
[2024-10-08 23:44:25.410] [file_logger] [warning] Path blocked at: (205.36363636363637, 161.45454545454544)
[2024-10-08 23:44:25.410] [file_logger] [warning] Path blocked at: (402.8571428571429, 502.1428571428571)
[2024-10-08 23:44:25.410] [file_logger] [info] Thread 0: Added point 21 at (245, 421)
[2024-10-08 23:44:25.410] [file_logger] [warning] Path blocked at: (316.44444444444446, 700.4444444444445)
[2024-10-08 23:44:25.410] [file_logger] [warning] Path blocked at: (609.8070175438596, 509.9298245614035)
[2024-10-08 23:44:25.410] [file_logger] [info] Thread 0: Added point 22 at (121, 384)
[2024-10-08 23:44:25.410] [file_logger] [warning] Path blocked at: (322.5945945945946, 500.3783783783784)
[2024-10-08 23:44:25.410] [file_logger] [warning] Path blocked at: (293.5897435897436, 408.8205128205128)
[2024-10-08 23:44:25.410] [file_logger] [warning] Path blocked at: (247.91489361702128, 701.3191489361702)
[2024-10-08 23:44:25.410] [file_logger] [warning] Path blocked at: (253.5, 100.75)
[2024-10-08 23:44:25.410] [file_logger] [warning] Path blocked at: (205, 588.9)
[2024-10-08 23:44:25.410] [file_logger] [info] Thread 0: Added point 23 at (80, 620)
[2024-10-08 23:44:25.410] [file_logger] [info] Thread 0: Added point 24 at (82, 231)
[2024-10-08 23:44:25.410] [file_logger] [warning] Path blocked at: (289.1818181818182, 505.27272727272725)
[2024-10-08 23:44:25.410] [file_logger] [warning] Path blocked at: (260.07142857142856, 407.7142857142857)
[2024-10-08 23:44:25.410] [file_logger] [info] Thread 0: Added point 25 at (253, 59)
[2024-10-08 23:44:25.410] [file_logger] [warning] Path blocked at: (318.67105263157896, 503.2105263157895)
[2024-10-08 23:44:25.410] [file_logger] [info] Thread 0: Added point 26 at (71, 669)
[2024-10-08 23:44:25.411] [file_logger] [info] Thread 0: Added point 27 at (302, 65)
[2024-10-08 23:44:25.411] [file_logger] [info] Thread 0: Added point 28 at (46, 712)
[2024-10-08 23:44:25.411] [file_logger] [warning] Path blocked at: (200.0731707317073, 728.7560975609756)
[2024-10-08 23:44:25.411] [file_logger] [info] Thread 0: Added point 29 at (30, 612)
[2024-10-08 23:44:25.411] [file_logger] [warning] Path blocked at: (332.42857142857144, 504.53246753246754)
[2024-10-08 23:44:25.411] [file_logger] [info] Thread 0: Added point 30 at (35, 760)
[2024-10-08 23:44:25.411] [file_logger] [info] Thread 0: Added point 31 at (9, 678)
[2024-10-08 23:44:25.411] [file_logger] [info] Thread 0: Added point 32 at (115, 149)
[2024-10-08 23:44:25.411] [file_logger] [warning] Path blocked at: (202.78260869565216, 718)
[2024-10-08 23:44:25.411] [file_logger] [warning] Path blocked at: (251.2, 401)
[2024-10-08 23:44:25.411] [file_logger] [warning] Path blocked at: (203.66666666666666, 309.3333333333333)
[2024-10-08 23:44:25.411] [file_logger] [info] Thread 0: Added point 33 at (60, 802)
[2024-10-08 23:44:25.411] [file_logger] [warning] Path blocked at: (806.4933333333333, 409.8)
[2024-10-08 23:44:25.411] [file_logger] [info] Thread 0: Added point 34 at (109, 808)
[2024-10-08 23:44:25.411] [file_logger] [info] Thread 0: Added point 35 at (157, 820)
[2024-10-08 23:44:25.411] [file_logger] [info] Thread 0: Added point 36 at (177, 775)
[2024-10-08 23:44:25.411] [file_logger] [warning] Path blocked at: (204.12, 788.8)
[2024-10-08 23:44:25.411] [file_logger] [info] Thread 0: Added point 37 at (348, 83)
[2024-10-08 23:44:25.411] [file_logger] [warning] Path blocked at: (262.0769230769231, 409.61538461538464)
[2024-10-08 23:44:25.411] [file_logger] [warning] Path blocked at: (205.85, 783.75)
[2024-10-08 23:44:25.411] [file_logger] [info] Thread 0: Added point 38 at (397, 80)
[2024-10-08 23:44:25.411] [file_logger] [info] Thread 0: Added point 39 at (125, 641)
[2024-10-08 23:44:25.411] [file_logger] [warning] Path blocked at: (609, 148.5)
[2024-10-08 23:44:25.411] [file_logger] [warning] Path blocked at: (603.8333333333333, 352)
[2024-10-08 23:44:25.411] [file_logger] [info] Thread 0: Added point 40 at (425, 121)
[2024-10-08 23:44:25.411] [file_logger] [info] Thread 0: Added point 41 at (159, 604)
[2024-10-08 23:44:25.411] [file_logger] [warning] Path blocked at: (207.4390243902439, 772.219512195122)
[2024-10-08 23:44:25.411] [file_logger] [info] Thread 0: Added point 42 at (200, 844)
[2024-10-08 23:44:25.411] [file_logger] [info] Thread 0: Added point 43 at (85, 515)
[2024-10-08 23:44:25.411] [file_logger] [info] Thread 0: Added point 44 at (155, 281)
[2024-10-08 23:44:25.411] [file_logger] [warning] Path blocked at: (609.1666666666667, 553.2083333333333)
[2024-10-08 23:44:25.411] [file_logger] [info] Thread 0: Added point 45 at (471, 103)
[2024-10-08 23:44:25.411] [file_logger] [warning] Path blocked at: (262, 409.375)
[2024-10-08 23:44:25.411] [file_logger] [warning] Path blocked at: (601.2307692307693, 804)
[2024-10-08 23:44:25.411] [file_logger] [info] Thread 0: Added point 46 at (241, 871)
[2024-10-08 23:44:25.411] [file_logger] [warning] Path blocked at: (609.8787878787879, 808.7727272727273)
[2024-10-08 23:44:25.411] [file_logger] [warning] Path blocked at: (649.75, 300.6)
[2024-10-08 23:44:25.411] [file_logger] [info] Thread 0: Added point 47 at (98, 462)
[2024-10-08 23:44:25.411] [file_logger] [warning] Path blocked at: (638.3225806451612, 302.61290322580646)
[2024-10-08 23:44:25.411] [file_logger] [info] Thread 0: Added point 48 at (510, 133)
[2024-10-08 23:44:25.411] [file_logger] [info] Thread 0: Added point 49 at (521, 181)
[2024-10-08 23:44:25.411] [file_logger] [warning] Path blocked at: (601.4102564102564, 166.84615384615384)
[2024-10-08 23:44:25.411] [file_logger] [info] Thread 0: Added point 50 at (289, 857)
[2024-10-08 23:44:25.411] [file_logger] [warning] Path blocked at: (604.0769230769231, 792.0153846153846)
[2024-10-08 23:44:25.411] [file_logger] [warning] Path blocked at: (395.875, 500.15625)
[2024-10-08 23:44:25.411] [file_logger] [info] Thread 0: Added point 51 at (567, 199)
[2024-10-08 23:44:25.411] [file_logger] [warning] Path blocked at: (600.2142857142857, 159)
[2024-10-08 23:44:25.411] [file_logger] [info] Thread 0: Added point 52 at (528, 88)
[2024-10-08 23:44:25.411] [file_logger] [info] Thread 0: Added point 53 at (338, 860)
[2024-10-08 23:44:25.411] [file_logger] [info] Thread 0: Added point 54 at (99, 218)
[2024-10-08 23:44:25.411] [file_logger] [info] Thread 0: Added point 55 at (613, 217)
[2024-10-08 23:44:25.411] [file_logger] [warning] Path blocked at: (671.695652173913, 302.6521739130435)
[2024-10-08 23:44:25.411] [file_logger] [info] Thread 0: Added point 56 at (47, 850)
[2024-10-08 23:44:25.411] [file_logger] [warning] Path blocked at: (381.10526315789474, 802.1578947368421)
[2024-10-08 23:44:25.412] [file_logger] [info] Thread 0: Added point 57 at (662, 222)
[2024-10-08 23:44:25.412] [file_logger] [warning] Path blocked at: (678, 304.4)
[2024-10-08 23:44:25.412] [file_logger] [warning] Path blocked at: (288, 106.33333333333334)
[2024-10-08 23:44:25.412] [file_logger] [info] Thread 0: Added point 58 at (201, 263)
[2024-10-08 23:44:25.412] [file_logger] [warning] Path blocked at: (398, 504.52173913043475)
[2024-10-08 23:44:25.412] [file_logger] [info] Thread 0: Added point 59 at (380, 886)
[2024-10-08 23:44:25.412] [file_logger] [warning] Path blocked at: (704, 303)
[2024-10-08 23:44:25.412] [file_logger] [info] Thread 0: Added point 60 at (442, 67)
[2024-10-08 23:44:25.412] [file_logger] [info] Thread 0: Added point 61 at (145, 615)
[2024-10-08 23:44:25.412] [file_logger] [info] Thread 0: Added point 62 at (428, 872)
[2024-10-08 23:44:25.412] [file_logger] [warning] Path blocked at: (700.4516129032259, 207.93548387096774)
[2024-10-08 23:44:25.412] [file_logger] [info] Thread 0: Added point 63 at (353, 928)
[2024-10-08 23:44:25.412] [file_logger] [warning] Path blocked at: (684.4516129032259, 300.7096774193548)
[2024-10-08 23:44:25.412] [file_logger] [info] Thread 0: Added point 64 at (206, 907)
[2024-10-08 23:44:25.412] [file_logger] [info] Thread 0: Added point 65 at (69, 435)
[2024-10-08 23:44:25.412] [file_logger] [warning] Path blocked at: (669.2, 301.73333333333335)
[2024-10-08 23:44:25.412] [file_logger] [warning] Path blocked at: (699, 206)
[2024-10-08 23:44:25.412] [file_logger] [warning] Path blocked at: (339.2857142857143, 505)
[2024-10-08 23:44:25.412] [file_logger] [warning] Path blocked at: (628.3333333333334, 203.66666666666666)
[2024-10-08 23:44:25.412] [file_logger] [warning] Path blocked at: (606, 783)
[2024-10-08 23:44:25.412] [file_logger] [warning] Path blocked at: (700.08, 209.04)
[2024-10-08 23:44:25.412] [file_logger] [info] Thread 0: Added point 66 at (249, 249)
[2024-10-08 23:44:25.412] [file_logger] [info] Thread 0: Added point 67 at (9, 229)
[2024-10-08 23:44:25.412] [file_logger] [warning] Path blocked at: (674.5714285714286, 302)
[2024-10-08 23:44:25.412] [file_logger] [warning] Path blocked at: (308, 502)
[2024-10-08 23:44:25.412] [file_logger] [warning] Path blocked at: (678, 208.66666666666666)
[2024-10-08 23:44:25.412] [file_logger] [info] Thread 0: Added point 68 at (577, 83)
[2024-10-08 23:44:25.412] [file_logger] [info] Thread 0: Added point 69 at (68, 740)
[2024-10-08 23:44:25.412] [file_logger] [info] Thread 0: Added point 70 at (185, 646)
[2024-10-08 23:44:25.412] [file_logger] [warning] Path blocked at: (280.3333333333333, 607.3333333333334)
[2024-10-08 23:44:25.412] [file_logger] [warning] Path blocked at: (758, 300.66666666666663)
[2024-10-08 23:44:25.412] [file_logger] [warning] Path blocked at: (255.28571428571428, 403)
[2024-10-08 23:44:25.412] [file_logger] [warning] Path blocked at: (347.96, 502.12)
[2024-10-08 23:44:25.412] [file_logger] [warning] Path blocked at: (354.3333333333333, 800.6666666666666)
[2024-10-08 23:44:25.412] [file_logger] [info] Thread 0: Added point 71 at (675, 260)
[2024-10-08 23:44:25.412] [file_logger] [info] Thread 0: Added point 72 at (287, 231)
[2024-10-08 23:44:25.412] [file_logger] [warning] Path blocked at: (672.4545454545455, 300.72727272727275)
[2024-10-08 23:44:25.412] [file_logger] [warning] Path blocked at: (788.625, 301.25)
[2024-10-08 23:44:25.412] [file_logger] [warning] Path blocked at: (273.6666666666667, 406.6666666666667)
[2024-10-08 23:44:25.412] [file_logger] [info] Thread 0: Added point 73 at (136, 846)
[2024-10-08 23:44:25.412] [file_logger] [warning] Path blocked at: (720.3846153846154, 301.0769230769231)
[2024-10-08 23:44:25.412] [file_logger] [warning] Path blocked at: (718.2631578947369, 301.6842105263158)
[2024-10-08 23:44:25.412] [file_logger] [info] Thread 0: Added point 74 at (370, 45)
[2024-10-08 23:44:25.412] [file_logger] [warning] Path blocked at: (666.8, 300.6)
[2024-10-08 23:44:25.413] [file_logger] [warning] Path blocked at: (642.6315789473684, 300.5263157894737)
[2024-10-08 23:44:25.413] [file_logger] [info] Thread 0: Added point 75 at (1, 797)
[2024-10-08 23:44:25.413] [file_logger] [info] Thread 0: Added point 76 at (723, 249)
[2024-10-08 23:44:25.413] [file_logger] [warning] Path blocked at: (778, 809.1590909090909)
[2024-10-08 23:44:25.413] [file_logger] [warning] Path blocked at: (274.7692307692308, 409.2307692307692)
[2024-10-08 23:44:25.413] [file_logger] [warning] Path blocked at: (272, 203)
[2024-10-08 23:44:25.413] [file_logger] [info] Thread 0: Added point 77 at (769, 231)
[2024-10-08 23:44:25.413] [file_logger] [info] Thread 0: Added point 78 at (474, 890)
[2024-10-08 23:44:25.413] [file_logger] [warning] Path blocked at: (625.6216216216217, 809.5945945945946)
[2024-10-08 23:44:25.413] [file_logger] [info] Thread 0: Added point 79 at (552, 246)
[2024-10-08 23:44:25.413] [file_logger] [info] Thread 0: Added point 80 at (818, 222)
[2024-10-08 23:44:25.413] [file_logger] [warning] Path blocked at: (322, 507.2631578947368)
[2024-10-08 23:44:25.413] [file_logger] [warning] Path blocked at: (745.1860465116279, 304.8139534883721)
[2024-10-08 23:44:25.413] [file_logger] [info] Thread 0: Added point 81 at (859, 194)
[2024-10-08 23:44:25.413] [file_logger] [info] Thread 0: Added point 82 at (835, 268)
[2024-10-08 23:44:25.413] [file_logger] [info] Thread 0: Added point 83 at (846, 316)
[2024-10-08 23:44:25.413] [file_logger] [info] Thread 0: Added point 84 at (523, 881)
[2024-10-08 23:44:25.413] [file_logger] [info] Thread 0: Added point 85 at (572, 887)
[2024-10-08 23:44:25.413] [file_logger] [info] Thread 0: Added point 86 at (489, 215)
[2024-10-08 23:44:25.413] [file_logger] [warning] Path blocked at: (606.65, 802.4)
[2024-10-08 23:44:25.413] [file_logger] [info] Thread 0: Added point 87 at (889, 154)
[2024-10-08 23:44:25.413] [file_logger] [info] Thread 0: Added point 88 at (40, 899)
[2024-10-08 23:44:25.413] [file_logger] [warning] Path blocked at: (805.95, 399.7)
[2024-10-08 23:44:25.413] [file_logger] [info] Thread 0: Added point 89 at (605, 924)
[2024-10-08 23:44:25.413] [file_logger] [warning] Path blocked at: (278, 301)
[2024-10-08 23:44:25.413] [file_logger] [warning] Path blocked at: (668, 807.9090909090909)
[2024-10-08 23:44:25.413] [file_logger] [warning] Path blocked at: (735.6875, 808.71875)
[2024-10-08 23:44:25.413] [file_logger] [warning] Path blocked at: (373.8235294117647, 501.2941176470588)
[2024-10-08 23:44:25.413] [file_logger] [warning] Path blocked at: (285.42857142857144, 103.28571428571428)
[2024-10-08 23:44:25.413] [file_logger] [info] Thread 0: Added point 90 at (107, 313)
[2024-10-08 23:44:25.413] [file_logger] [info] Thread 0: Added point 91 at (651, 906)
[2024-10-08 23:44:25.413] [file_logger] [info] Thread 0: Added point 92 at (694, 881)
[2024-10-08 23:44:25.413] [file_logger] [info] Thread 0: Added point 93 at (935, 173)
[2024-10-08 23:44:25.413] [file_logger] [info] Thread 0: Added point 94 at (534, 292)
[2024-10-08 23:44:25.413] [file_logger] [info] Thread 0: Added point 95 at (893, 331)
[2024-10-08 23:44:25.413] [file_logger] [info] Thread 0: Added point 96 at (742, 870)
[2024-10-08 23:44:25.413] [file_logger] [info] Thread 0: Added point 97 at (563, 837)
[2024-10-08 23:44:25.413] [file_logger] [info] Thread 0: Added point 98 at (30, 467)
[2024-10-08 23:44:25.413] [file_logger] [info] Thread 0: Added point 99 at (19, 944)
[2024-10-08 23:44:25.413] [file_logger] [info] Thread 0: Added point 100 at (349, 849)
[2024-10-08 23:44:25.413] [file_logger] [info] Thread 0: Added point 101 at (761, 830)
[2024-10-08 23:44:25.413] [file_logger] [warning] Path blocked at: (282, 300.75)
[2024-10-08 23:44:25.413] [file_logger] [info] Thread 0: Added point 102 at (96, 46)
[2024-10-08 23:44:25.413] [file_logger] [info] Thread 0: Added point 103 at (324, 968)
[2024-10-08 23:44:25.413] [file_logger] [warning] Path blocked at: (794.6, 807.6)
[2024-10-08 23:44:25.413] [file_logger] [info] Thread 0: Added point 104 at (785, 893)
[2024-10-08 23:44:25.413] [file_logger] [info] Thread 0: Added point 105 at (557, 336)
[2024-10-08 23:44:25.414] [file_logger] [info] Thread 0: Added point 106 at (46, 488)
[2024-10-08 23:44:25.414] [file_logger] [warning] Path blocked at: (603.3333333333334, 731.2777777777778)
[2024-10-08 23:44:25.414] [file_logger] [warning] Path blocked at: (605.1818181818181, 762.8181818181818)
[2024-10-08 23:44:25.414] [file_logger] [info] Thread 0: Added point 107 at (907, 378)
[2024-10-08 23:44:25.414] [file_logger] [info] Thread 0: Added point 108 at (226, 450)
[2024-10-08 23:44:25.414] [file_logger] [info] Thread 0: Added point 109 at (545, 790)
[2024-10-08 23:44:25.414] [file_logger] [warning] Path blocked at: (605, 102.5)
[2024-10-08 23:44:25.414] [file_logger] [info] Thread 0: Added point 110 at (808, 814)
[2024-10-08 23:44:25.414] [file_logger] [warning] Path blocked at: (206.85714285714286, 583.2857142857143)
[2024-10-08 23:44:25.414] [file_logger] [warning] Path blocked at: (342.8, 103.4)
[2024-10-08 23:44:25.414] [file_logger] [warning] Path blocked at: (353.8888888888889, 808.1111111111111)
[2024-10-08 23:44:25.414] [file_logger] [warning] Path blocked at: (606, 347)
[2024-10-08 23:44:25.414] [file_logger] [info] Thread 0: Added point 111 at (640, 938)
[2024-10-08 23:44:25.414] [file_logger] [warning] Path blocked at: (749.7142857142857, 207.85714285714286)
[2024-10-08 23:44:25.414] [file_logger] [info] Thread 0: Added point 112 at (275, 448)
[2024-10-08 23:44:25.414] [file_logger] [warning] Path blocked at: (254.5, 402.5)
[2024-10-08 23:44:25.414] [file_logger] [info] Thread 0: Added point 113 at (527, 743)
[2024-10-08 23:44:25.414] [file_logger] [info] Thread 0: Added point 114 at (314, 417)
[2024-10-08 23:44:25.414] [file_logger] [warning] Path blocked at: (809.6666666666666, 339.3333333333333)
[2024-10-08 23:44:25.414] [file_logger] [info] Thread 0: Added point 115 at (162, 932)
[2024-10-08 23:44:25.414] [file_logger] [info] Thread 0: Added point 116 at (457, 237)
[2024-10-08 23:44:25.414] [file_logger] [warning] Path blocked at: (604, 302)
[2024-10-08 23:44:25.414] [file_logger] [info] Thread 0: Added point 117 at (952, 154)
[2024-10-08 23:44:25.414] [file_logger] [info] Thread 0: Added point 118 at (32, 169)
[2024-10-08 23:44:25.414] [file_logger] [warning] Path blocked at: (807.6, 365.8)
[2024-10-08 23:44:25.414] [file_logger] [info] Thread 0: Added point 119 at (64, 189)
[2024-10-08 23:44:25.415] [file_logger] [info] Thread 0: Added point 120 at (852, 836)
[2024-10-08 23:44:25.415] [file_logger] [info] Thread 0: Added point 121 at (942, 323)
[2024-10-08 23:44:25.415] [file_logger] [info] Thread 0: Added point 122 at (143, 520)
[2024-10-08 23:44:25.415] [file_logger] [info] Thread 0: Added point 123 at (593, 939)
[2024-10-08 23:44:25.415] [file_logger] [info] Thread 0: Added point 124 at (326, 262)
[2024-10-08 23:44:25.415] [file_logger] [info] Thread 0: Added point 125 at (877, 879)
[2024-10-08 23:44:25.415] [file_logger] [info] Thread 0: Added point 126 at (966, 130)
[2024-10-08 23:44:25.415] [file_logger] [info] Thread 0: Added point 127 at (980, 95)
[2024-10-08 23:44:25.415] [file_logger] [info] Thread 0: Added point 128 at (385, 833)
[2024-10-08 23:44:25.415] [file_logger] [warning] Path blocked at: (626.3, 508.79999999999995)
[2024-10-08 23:44:25.415] [file_logger] [info] Thread 0: Added point 129 at (65, 961)
[2024-10-08 23:44:25.415] [file_logger] [warning] Path blocked at: (809.6, 338.4)
[2024-10-08 23:44:25.415] [file_logger] [info] Thread 0: Added point 130 at (173, 348)
[2024-10-08 23:44:25.415] [file_logger] [info] Thread 0: Added point 131 at (532, 205)
[2024-10-08 23:44:25.415] [file_logger] [info] Thread 0: Added point 132 at (515, 694)
[2024-10-08 23:44:25.415] [file_logger] [info] Thread 0: Added point 133 at (890, 360)
[2024-10-08 23:44:25.415] [file_logger] [info] Thread 0: Added point 134 at (615, 50)
[2024-10-08 23:44:25.415] [file_logger] [info] Thread 0: Added point 135 at (31, 724)
[2024-10-08 23:44:25.415] [file_logger] [info] Thread 0: Added point 136 at (307, 471)
[2024-10-08 23:44:25.415] [file_logger] [info] Thread 0: Added point 137 at (730, 819)
[2024-10-08 23:44:25.416] [file_logger] [info] Thread 0: Added point 138 at (548, 657)
[2024-10-08 23:44:25.416] [file_logger] [info] Thread 0: Added point 139 at (134, 973)
[2024-10-08 23:44:25.416] [file_logger] [info] Thread 0: Added point 140 at (529, 259)
[2024-10-08 23:44:25.416] [file_logger] [info] Thread 0: Added point 141 at (587, 364)
[2024-10-08 23:44:25.416] [file_logger] [info] Thread 0: Added point 142 at (892, 806)
[2024-10-08 23:44:25.416] [file_logger] [info] Thread 0: Added point 143 at (538, 160)
[2024-10-08 23:44:25.416] [file_logger] [info] Thread 0: Added point 144 at (361, 283)
[2024-10-08 23:44:25.416] [file_logger] [warning] Path blocked at: (734, 799.25)
[2024-10-08 23:44:25.416] [file_logger] [info] Thread 0: Added point 145 at (490, 316)
[2024-10-08 23:44:25.416] [file_logger] [info] Thread 0: Added point 146 at (362, 428)
[2024-10-08 23:44:25.416] [file_logger] [info] Thread 0: Added point 147 at (842, 371)
[2024-10-08 23:44:25.416] [file_logger] [info] Thread 0: Added point 148 at (773, 941)
[2024-10-08 23:44:25.416] [file_logger] [info] Thread 0: Added point 149 at (670, 837)
[2024-10-08 23:44:25.416] [file_logger] [warning] Path blocked at: (728.1, 808.6)
[2024-10-08 23:44:25.416] [file_logger] [info] Thread 0: Added point 150 at (641, 85)
[2024-10-08 23:44:25.416] [file_logger] [info] Thread 0: Added point 151 at (870, 175)
[2024-10-08 23:44:25.416] [file_logger] [warning] Path blocked at: (609.6666666666666, 352.6666666666667)
[2024-10-08 23:44:25.416] [file_logger] [info] Thread 0: Added point 152 at (655, 812)
[2024-10-08 23:44:25.416] [file_logger] [warning] Path blocked at: (603.125, 581.0625)
[2024-10-08 23:44:25.417] [file_logger] [info] Thread 0: Added point 153 at (185, 561)
[2024-10-08 23:44:25.417] [file_logger] [warning] Path blocked at: (217, 206)
[2024-10-08 23:44:25.417] [file_logger] [info] Thread 0: Added point 154 at (835, 420)
[2024-10-08 23:44:25.417] [file_logger] [info] Thread 0: Added point 155 at (967, 166)
[2024-10-08 23:44:25.417] [file_logger] [warning] Path blocked at: (208.5, 765.5)
[2024-10-08 23:44:25.417] [file_logger] [warning] Path blocked at: (204, 743)
[2024-10-08 23:44:25.417] [file_logger] [warning] Path blocked at: (309.5, 407)
[2024-10-08 23:44:25.417] [file_logger] [info] Thread 0: Added point 156 at (35, 83)
[2024-10-08 23:44:25.417] [file_logger] [warning] Path blocked at: (408.42857142857144, 157.57142857142856)
[2024-10-08 23:44:25.417] [file_logger] [info] Thread 0: Added point 157 at (149, 470)
[2024-10-08 23:44:25.417] [file_logger] [warning] Path blocked at: (600.5, 726.375)
[2024-10-08 23:44:25.417] [file_logger] [info] Thread 0: Added point 158 at (428, 202)
[2024-10-08 23:44:25.417] [file_logger] [info] Thread 0: Added point 159 at (892, 189)
[2024-10-08 23:44:25.417] [file_logger] [warning] Path blocked at: (272, 204.375)
[2024-10-08 23:44:25.417] [file_logger] [warning] Path blocked at: (399.57142857142856, 804.7142857142857)
[2024-10-08 23:44:25.417] [file_logger] [warning] Path blocked at: (396.25, 798.5)
[2024-10-08 23:44:25.417] [file_logger] [info] Thread 0: Added point 160 at (947, 406)
[2024-10-08 23:44:25.417] [file_logger] [info] Thread 0: Added point 161 at (242, 489)
[2024-10-08 23:44:25.417] [file_logger] [warning] Path blocked at: (374.8, 804.2)
[2024-10-08 23:44:25.418] [file_logger] [info] Thread 0: Added point 162 at (925, 769)
[2024-10-08 23:44:25.418] [file_logger] [info] Thread 0: Added point 163 at (676, 49)
[2024-10-08 23:44:25.418] [file_logger] [info] Thread 0: Added point 164 at (471, 670)
[2024-10-08 23:44:25.418] [file_logger] [info] Thread 0: Added point 165 at (851, 141)
[2024-10-08 23:44:25.418] [file_logger] [info] Thread 0: Added point 166 at (62, 563)
[2024-10-08 23:44:25.418] [file_logger] [info] Thread 0: Added point 167 at (899, 923)
[2024-10-08 23:44:25.418] [file_logger] [info] Thread 0: Added point 168 at (33, 538)
[2024-10-08 23:44:25.418] [file_logger] [info] Thread 0: Added point 169 at (189, 214)
[2024-10-08 23:44:25.418] [file_logger] [warning] Path blocked at: (732.375, 302.75)
[2024-10-08 23:44:25.418] [file_logger] [warning] Path blocked at: (294, 109.66666666666666)
[2024-10-08 23:44:25.418] [file_logger] [info] Thread 0: Added point 170 at (904, 282)
[2024-10-08 23:44:25.418] [file_logger] [info] Thread 0: Added point 171 at (477, 32)
[2024-10-08 23:44:25.418] [file_logger] [info] Thread 0: Added point 172 at (652, 61)
[2024-10-08 23:44:25.418] [file_logger] [warning] Path blocked at: (605.1428571428571, 595.8571428571429)
[2024-10-08 23:44:25.418] [file_logger] [warning] Path blocked at: (382.57142857142856, 402.7142857142857)
[2024-10-08 23:44:25.418] [file_logger] [warning] Path blocked at: (604.5, 375.5)
[2024-10-08 23:44:25.418] [file_logger] [info] Thread 0: Added point 173 at (429, 256)
[2024-10-08 23:44:25.419] [file_logger] [warning] Path blocked at: (387.5, 304)
[2024-10-08 23:44:25.419] [file_logger] [warning] Path blocked at: (258.4, 505.8)
[2024-10-08 23:44:25.419] [file_logger] [info] Thread 0: Added point 174 at (184, 875)
[2024-10-08 23:44:25.419] [file_logger] [info] Thread 0: Added point 175 at (549, 963)
[2024-10-08 23:44:25.419] [file_logger] [warning] Path blocked at: (807.4444444444445, 133)
[2024-10-08 23:44:25.419] [file_logger] [info] Thread 0: Added point 176 at (929, 303)
[2024-10-08 23:44:25.419] [file_logger] [info] Thread 0: Added point 177 at (942, 946)
[2024-10-08 23:44:25.419] [file_logger] [info] Thread 0: Target reached!
[2024-10-08 23:44:25.419] [file_logger] [info] Thread 0: Notified all threads
[2024-10-08 23:44:25.419] [file_logger] [info] RRT completed in 9 milliseconds.
